<?xml version="1.0" encoding="UTF-8"?>
<testsuites>
  <testsuite name="fastlane.lanes">
    
    
    
      
      <testcase classname="fastlane.lanes" name="00: default_platform" time="0.000385">
        
      </testcase>
    
      
      <testcase classname="fastlane.lanes" name="01: xcrun simctl shutdown &apos;iPhone 16e&apos; || true" time="0.477484">
        
      </testcase>
    
      
      <testcase classname="fastlane.lanes" name="02: xcrun simctl erase iPhone\ 16e" time="0.160971">
        
      </testcase>
    
      
      <testcase classname="fastlane.lanes" name="03: xcrun simctl boot iPhone\ 16e" time="0.455198">
        
      </testcase>
    
      
      <testcase classname="fastlane.lanes" name="04: open -a Simulator" time="0.087391">
        
      </testcase>
    
      
      <testcase classname="fastlane.lanes" name="05: xcrun simctl spawn iPhone\ 16e defaults write NSGlobalDomain AppleLanguages -array pt-BR" time="0.444357">
        
      </testcase>
    
      
      <testcase classname="fastlane.lanes" name="06: xcrun simctl spawn iPhone\ 16e defaults write NSGlobalDomain AppleLocale -string pt-BR" time="1.124564">
        
      </testcase>
    
      
      <testcase classname="fastlane.lanes" name="07: xcrun simctl spawn iPhone\ 16e killall SpringBoard" time="0.243952">
        
          <failure message="/opt/homebrew/lib/ruby/gems/4.0.0/gems/fastlane-2.230.0/fastlane/lib/fastlane/actions/actions_helper.rb:67:in &apos;Fastlane::Actions.execute_action&apos;&#10;/opt/homebrew/lib/ruby/gems/4.0.0/gems/fastlane-2.230.0/fastlane/lib/fastlane/fast_file.rb:224:in &apos;Fastlane::FastFile.sh&apos;&#10;/opt/homebrew/lib/ruby/gems/4.0.0/gems/fastlane-2.230.0/fastlane/lib/fastlane/fast_file.rb:216:in &apos;Fastlane::FastFile#sh&apos;&#10;Fastfile:310:in &apos;Fastlane::FastFile#capture_ios_screenshots&apos;&#10;Fastfile:244:in &apos;block (4 levels) in Fastlane::FastFile#parsing_binding&apos;&#10;Fastfile:243:in &apos;Array#each&apos;&#10;Fastfile:243:in &apos;block (3 levels) in Fastlane::FastFile#parsing_binding&apos;&#10;Fastfile:224:in &apos;Array#each&apos;&#10;Fastfile:224:in &apos;block (2 levels) in Fastlane::FastFile#parsing_binding&apos;&#10;/opt/homebrew/lib/ruby/gems/4.0.0/gems/fastlane-2.230.0/fastlane/lib/fastlane/lane.rb:41:in &apos;Fastlane::Lane#call&apos;&#10;/opt/homebrew/lib/ruby/gems/4.0.0/gems/fastlane-2.230.0/fastlane/lib/fastlane/runner.rb:49:in &apos;block in Fastlane::Runner#execute&apos;&#10;/opt/homebrew/lib/ruby/gems/4.0.0/gems/fastlane-2.230.0/fastlane/lib/fastlane/runner.rb:45:in &apos;Dir.chdir&apos;&#10;/opt/homebrew/lib/ruby/gems/4.0.0/gems/fastlane-2.230.0/fastlane/lib/fastlane/runner.rb:45:in &apos;Fastlane::Runner#execute&apos;&#10;/opt/homebrew/lib/ruby/gems/4.0.0/gems/fastlane-2.230.0/fastlane/lib/fastlane/lane_manager.rb:46:in &apos;Fastlane::LaneManager.cruise_lane&apos;&#10;/opt/homebrew/lib/ruby/gems/4.0.0/gems/fastlane-2.230.0/fastlane/lib/fastlane/command_line_handler.rb:34:in &apos;Fastlane::CommandLineHandler.handle&apos;&#10;/opt/homebrew/lib/ruby/gems/4.0.0/gems/fastlane-2.230.0/fastlane/lib/fastlane/commands_generator.rb:110:in &apos;block (2 levels) in Fastlane::CommandsGenerator#run&apos;&#10;/opt/homebrew/lib/ruby/gems/4.0.0/gems/commander-4.6.0/lib/commander/command.rb:187:in &apos;Commander::Command#call&apos;&#10;/opt/homebrew/lib/ruby/gems/4.0.0/gems/commander-4.6.0/lib/commander/command.rb:157:in &apos;Commander::Command#run&apos;&#10;/opt/homebrew/lib/ruby/gems/4.0.0/gems/commander-4.6.0/lib/commander/runner.rb:444:in &apos;Commander::Runner#run_active_command&apos;&#10;/opt/homebrew/lib/ruby/gems/4.0.0/gems/fastlane-2.230.0/fastlane_core/lib/fastlane_core/ui/fastlane_runner.rb:124:in &apos;Commander::Runner#run!&apos;&#10;/opt/homebrew/lib/ruby/gems/4.0.0/gems/commander-4.6.0/lib/commander/delegates.rb:18:in &apos;Commander::Delegates#run!&apos;&#10;/opt/homebrew/lib/ruby/gems/4.0.0/gems/fastlane-2.230.0/fastlane/lib/fastlane/commands_generator.rb:363:in &apos;Fastlane::CommandsGenerator#run&apos;&#10;/opt/homebrew/lib/ruby/gems/4.0.0/gems/fastlane-2.230.0/fastlane/lib/fastlane/commands_generator.rb:43:in &apos;Fastlane::CommandsGenerator.start&apos;&#10;/opt/homebrew/lib/ruby/gems/4.0.0/gems/fastlane-2.230.0/fastlane/lib/fastlane/cli_tools_distributor.rb:123:in &apos;Fastlane::CLIToolsDistributor.take_off&apos;&#10;/opt/homebrew/lib/ruby/gems/4.0.0/gems/fastlane-2.230.0/bin/fastlane:23:in &apos;&lt;top (required)&gt;&apos;&#10;/opt/homebrew/Cellar/ruby/4.0.0/lib/ruby/4.0.0/rubygems.rb:303:in &apos;Kernel#load&apos;&#10;/opt/homebrew/Cellar/ruby/4.0.0/lib/ruby/4.0.0/rubygems.rb:303:in &apos;Gem.activate_and_load_bin_path&apos;&#10;/opt/homebrew/lib/ruby/gems/4.0.0/bin/fastlane:25:in &apos;&lt;top (required)&gt;&apos;&#10;/opt/homebrew/lib/ruby/gems/4.0.0/gems/bundler-2.7.2/lib/bundler/cli/exec.rb:59:in &apos;Kernel.load&apos;&#10;/opt/homebrew/lib/ruby/gems/4.0.0/gems/bundler-2.7.2/lib/bundler/cli/exec.rb:59:in &apos;Bundler::CLI::Exec#kernel_load&apos;&#10;/opt/homebrew/lib/ruby/gems/4.0.0/gems/bundler-2.7.2/lib/bundler/cli/exec.rb:23:in &apos;Bundler::CLI::Exec#run&apos;&#10;/opt/homebrew/lib/ruby/gems/4.0.0/gems/bundler-2.7.2/lib/bundler/cli.rb:456:in &apos;Bundler::CLI#exec&apos;&#10;/opt/homebrew/lib/ruby/gems/4.0.0/gems/bundler-2.7.2/lib/bundler/vendor/thor/lib/thor/command.rb:28:in &apos;Bundler::Thor::Command#run&apos;&#10;/opt/homebrew/lib/ruby/gems/4.0.0/gems/bundler-2.7.2/lib/bundler/vendor/thor/lib/thor/invocation.rb:127:in &apos;Bundler::Thor::Invocation#invoke_command&apos;&#10;/opt/homebrew/lib/ruby/gems/4.0.0/gems/bundler-2.7.2/lib/bundler/vendor/thor/lib/thor.rb:538:in &apos;Bundler::Thor.dispatch&apos;&#10;/opt/homebrew/lib/ruby/gems/4.0.0/gems/bundler-2.7.2/lib/bundler/cli.rb:35:in &apos;Bundler::CLI.dispatch&apos;&#10;/opt/homebrew/lib/ruby/gems/4.0.0/gems/bundler-2.7.2/lib/bundler/vendor/thor/lib/thor/base.rb:584:in &apos;Bundler::Thor::Base::ClassMethods#start&apos;&#10;/opt/homebrew/lib/ruby/gems/4.0.0/gems/bundler-2.7.2/lib/bundler/cli.rb:29:in &apos;Bundler::CLI.start&apos;&#10;/opt/homebrew/lib/ruby/gems/4.0.0/gems/bundler-2.7.2/exe/bundle:28:in &apos;block in &lt;top (required)&gt;&apos;&#10;/opt/homebrew/lib/ruby/gems/4.0.0/gems/bundler-2.7.2/lib/bundler/friendly_errors.rb:118:in &apos;Bundler.with_friendly_errors&apos;&#10;/opt/homebrew/lib/ruby/gems/4.0.0/gems/bundler-2.7.2/exe/bundle:20:in &apos;&lt;top (required)&gt;&apos;&#10;/opt/homebrew/Cellar/ruby/4.0.0/lib/ruby/4.0.0/rubygems.rb:303:in &apos;Kernel#load&apos;&#10;/opt/homebrew/Cellar/ruby/4.0.0/lib/ruby/4.0.0/rubygems.rb:303:in &apos;Gem.activate_and_load_bin_path&apos;&#10;/opt/homebrew/opt/ruby/bin/bundle:25:in &apos;&lt;main&gt;&apos;&#10;&#10;Exit status of command &apos;xcrun simctl spawn iPhone\ 16e killall SpringBoard&apos; was 2 instead of 0.&#10;An error was encountered processing the command (domain=NSPOSIXErrorDomain, code=2):&#10;The operation couldn’t be completed. No such file or directory&#10;No such file or directory&#10;" />
        
      </testcase>
    
      
      <testcase classname="fastlane.lanes" name="08: fvm flutter drive --driver\=test_driver/integration_test.dart --target\=integration_test/screenshot_test.dart --dart-define\=TEST_LOCALE\=pt-BR -d iPhone\ 16e" time="143.839506">
        
      </testcase>
    
      
      <testcase classname="fastlane.lanes" name="09: xcrun simctl shutdown &apos;iPhone 17&apos; || true" time="3.240686">
        
      </testcase>
    
      
      <testcase classname="fastlane.lanes" name="10: xcrun simctl erase iPhone\ 17" time="0.194132">
        
      </testcase>
    
      
      <testcase classname="fastlane.lanes" name="11: xcrun simctl boot iPhone\ 17" time="0.381719">
        
      </testcase>
    
      
      <testcase classname="fastlane.lanes" name="12: open -a Simulator" time="0.087775">
        
      </testcase>
    
      
      <testcase classname="fastlane.lanes" name="13: xcrun simctl spawn iPhone\ 17 defaults write NSGlobalDomain AppleLanguages -array pt-BR" time="0.329218">
        
      </testcase>
    
      
      <testcase classname="fastlane.lanes" name="14: xcrun simctl spawn iPhone\ 17 defaults write NSGlobalDomain AppleLocale -string pt-BR" time="0.242126">
        
      </testcase>
    
      
      <testcase classname="fastlane.lanes" name="15: xcrun simctl spawn iPhone\ 17 killall SpringBoard" time="0.106072">
        
          <failure message="/opt/homebrew/lib/ruby/gems/4.0.0/gems/fastlane-2.230.0/fastlane/lib/fastlane/actions/actions_helper.rb:67:in &apos;Fastlane::Actions.execute_action&apos;&#10;/opt/homebrew/lib/ruby/gems/4.0.0/gems/fastlane-2.230.0/fastlane/lib/fastlane/fast_file.rb:224:in &apos;Fastlane::FastFile.sh&apos;&#10;/opt/homebrew/lib/ruby/gems/4.0.0/gems/fastlane-2.230.0/fastlane/lib/fastlane/fast_file.rb:216:in &apos;Fastlane::FastFile#sh&apos;&#10;Fastfile:310:in &apos;Fastlane::FastFile#capture_ios_screenshots&apos;&#10;Fastfile:244:in &apos;block (4 levels) in Fastlane::FastFile#parsing_binding&apos;&#10;Fastfile:243:in &apos;Array#each&apos;&#10;Fastfile:243:in &apos;block (3 levels) in Fastlane::FastFile#parsing_binding&apos;&#10;Fastfile:224:in &apos;Array#each&apos;&#10;Fastfile:224:in &apos;block (2 levels) in Fastlane::FastFile#parsing_binding&apos;&#10;/opt/homebrew/lib/ruby/gems/4.0.0/gems/fastlane-2.230.0/fastlane/lib/fastlane/lane.rb:41:in &apos;Fastlane::Lane#call&apos;&#10;/opt/homebrew/lib/ruby/gems/4.0.0/gems/fastlane-2.230.0/fastlane/lib/fastlane/runner.rb:49:in &apos;block in Fastlane::Runner#execute&apos;&#10;/opt/homebrew/lib/ruby/gems/4.0.0/gems/fastlane-2.230.0/fastlane/lib/fastlane/runner.rb:45:in &apos;Dir.chdir&apos;&#10;/opt/homebrew/lib/ruby/gems/4.0.0/gems/fastlane-2.230.0/fastlane/lib/fastlane/runner.rb:45:in &apos;Fastlane::Runner#execute&apos;&#10;/opt/homebrew/lib/ruby/gems/4.0.0/gems/fastlane-2.230.0/fastlane/lib/fastlane/lane_manager.rb:46:in &apos;Fastlane::LaneManager.cruise_lane&apos;&#10;/opt/homebrew/lib/ruby/gems/4.0.0/gems/fastlane-2.230.0/fastlane/lib/fastlane/command_line_handler.rb:34:in &apos;Fastlane::CommandLineHandler.handle&apos;&#10;/opt/homebrew/lib/ruby/gems/4.0.0/gems/fastlane-2.230.0/fastlane/lib/fastlane/commands_generator.rb:110:in &apos;block (2 levels) in Fastlane::CommandsGenerator#run&apos;&#10;/opt/homebrew/lib/ruby/gems/4.0.0/gems/commander-4.6.0/lib/commander/command.rb:187:in &apos;Commander::Command#call&apos;&#10;/opt/homebrew/lib/ruby/gems/4.0.0/gems/commander-4.6.0/lib/commander/command.rb:157:in &apos;Commander::Command#run&apos;&#10;/opt/homebrew/lib/ruby/gems/4.0.0/gems/commander-4.6.0/lib/commander/runner.rb:444:in &apos;Commander::Runner#run_active_command&apos;&#10;/opt/homebrew/lib/ruby/gems/4.0.0/gems/fastlane-2.230.0/fastlane_core/lib/fastlane_core/ui/fastlane_runner.rb:124:in &apos;Commander::Runner#run!&apos;&#10;/opt/homebrew/lib/ruby/gems/4.0.0/gems/commander-4.6.0/lib/commander/delegates.rb:18:in &apos;Commander::Delegates#run!&apos;&#10;/opt/homebrew/lib/ruby/gems/4.0.0/gems/fastlane-2.230.0/fastlane/lib/fastlane/commands_generator.rb:363:in &apos;Fastlane::CommandsGenerator#run&apos;&#10;/opt/homebrew/lib/ruby/gems/4.0.0/gems/fastlane-2.230.0/fastlane/lib/fastlane/commands_generator.rb:43:in &apos;Fastlane::CommandsGenerator.start&apos;&#10;/opt/homebrew/lib/ruby/gems/4.0.0/gems/fastlane-2.230.0/fastlane/lib/fastlane/cli_tools_distributor.rb:123:in &apos;Fastlane::CLIToolsDistributor.take_off&apos;&#10;/opt/homebrew/lib/ruby/gems/4.0.0/gems/fastlane-2.230.0/bin/fastlane:23:in &apos;&lt;top (required)&gt;&apos;&#10;/opt/homebrew/Cellar/ruby/4.0.0/lib/ruby/4.0.0/rubygems.rb:303:in &apos;Kernel#load&apos;&#10;/opt/homebrew/Cellar/ruby/4.0.0/lib/ruby/4.0.0/rubygems.rb:303:in &apos;Gem.activate_and_load_bin_path&apos;&#10;/opt/homebrew/lib/ruby/gems/4.0.0/bin/fastlane:25:in &apos;&lt;top (required)&gt;&apos;&#10;/opt/homebrew/lib/ruby/gems/4.0.0/gems/bundler-2.7.2/lib/bundler/cli/exec.rb:59:in &apos;Kernel.load&apos;&#10;/opt/homebrew/lib/ruby/gems/4.0.0/gems/bundler-2.7.2/lib/bundler/cli/exec.rb:59:in &apos;Bundler::CLI::Exec#kernel_load&apos;&#10;/opt/homebrew/lib/ruby/gems/4.0.0/gems/bundler-2.7.2/lib/bundler/cli/exec.rb:23:in &apos;Bundler::CLI::Exec#run&apos;&#10;/opt/homebrew/lib/ruby/gems/4.0.0/gems/bundler-2.7.2/lib/bundler/cli.rb:456:in &apos;Bundler::CLI#exec&apos;&#10;/opt/homebrew/lib/ruby/gems/4.0.0/gems/bundler-2.7.2/lib/bundler/vendor/thor/lib/thor/command.rb:28:in &apos;Bundler::Thor::Command#run&apos;&#10;/opt/homebrew/lib/ruby/gems/4.0.0/gems/bundler-2.7.2/lib/bundler/vendor/thor/lib/thor/invocation.rb:127:in &apos;Bundler::Thor::Invocation#invoke_command&apos;&#10;/opt/homebrew/lib/ruby/gems/4.0.0/gems/bundler-2.7.2/lib/bundler/vendor/thor/lib/thor.rb:538:in &apos;Bundler::Thor.dispatch&apos;&#10;/opt/homebrew/lib/ruby/gems/4.0.0/gems/bundler-2.7.2/lib/bundler/cli.rb:35:in &apos;Bundler::CLI.dispatch&apos;&#10;/opt/homebrew/lib/ruby/gems/4.0.0/gems/bundler-2.7.2/lib/bundler/vendor/thor/lib/thor/base.rb:584:in &apos;Bundler::Thor::Base::ClassMethods#start&apos;&#10;/opt/homebrew/lib/ruby/gems/4.0.0/gems/bundler-2.7.2/lib/bundler/cli.rb:29:in &apos;Bundler::CLI.start&apos;&#10;/opt/homebrew/lib/ruby/gems/4.0.0/gems/bundler-2.7.2/exe/bundle:28:in &apos;block in &lt;top (required)&gt;&apos;&#10;/opt/homebrew/lib/ruby/gems/4.0.0/gems/bundler-2.7.2/lib/bundler/friendly_errors.rb:118:in &apos;Bundler.with_friendly_errors&apos;&#10;/opt/homebrew/lib/ruby/gems/4.0.0/gems/bundler-2.7.2/exe/bundle:20:in &apos;&lt;top (required)&gt;&apos;&#10;/opt/homebrew/Cellar/ruby/4.0.0/lib/ruby/4.0.0/rubygems.rb:303:in &apos;Kernel#load&apos;&#10;/opt/homebrew/Cellar/ruby/4.0.0/lib/ruby/4.0.0/rubygems.rb:303:in &apos;Gem.activate_and_load_bin_path&apos;&#10;/opt/homebrew/opt/ruby/bin/bundle:25:in &apos;&lt;main&gt;&apos;&#10;&#10;Exit status of command &apos;xcrun simctl spawn iPhone\ 17 killall SpringBoard&apos; was 2 instead of 0.&#10;An error was encountered processing the command (domain=NSPOSIXErrorDomain, code=2):&#10;The operation couldn’t be completed. No such file or directory&#10;No such file or directory&#10;" />
        
      </testcase>
    
      
      <testcase classname="fastlane.lanes" name="16: fvm flutter drive --driver\=test_driver/integration_test.dart --target\=integration_test/screenshot_test.dart --dart-define\=TEST_LOCALE\=pt-BR -d iPhone\ 17" time="131.308184">
        
      </testcase>
    
      
      <testcase classname="fastlane.lanes" name="17: xcrun simctl shutdown &apos;iPhone 16e&apos; || true" time="0.604974">
        
      </testcase>
    
      
      <testcase classname="fastlane.lanes" name="18: xcrun simctl erase iPhone\ 16e" time="0.177351">
        
      </testcase>
    
      
      <testcase classname="fastlane.lanes" name="19: xcrun simctl boot iPhone\ 16e" time="0.37421">
        
      </testcase>
    
      
      <testcase classname="fastlane.lanes" name="20: open -a Simulator" time="0.071872">
        
      </testcase>
    
      
      <testcase classname="fastlane.lanes" name="21: xcrun simctl spawn iPhone\ 16e defaults write NSGlobalDomain AppleLanguages -array en" time="0.280163">
        
      </testcase>
    
      
      <testcase classname="fastlane.lanes" name="22: xcrun simctl spawn iPhone\ 16e defaults write NSGlobalDomain AppleLocale -string en-US" time="0.241825">
        
      </testcase>
    
      
      <testcase classname="fastlane.lanes" name="23: xcrun simctl spawn iPhone\ 16e killall SpringBoard" time="0.089871">
        
          <failure message="/opt/homebrew/lib/ruby/gems/4.0.0/gems/fastlane-2.230.0/fastlane/lib/fastlane/actions/actions_helper.rb:67:in &apos;Fastlane::Actions.execute_action&apos;&#10;/opt/homebrew/lib/ruby/gems/4.0.0/gems/fastlane-2.230.0/fastlane/lib/fastlane/fast_file.rb:224:in &apos;Fastlane::FastFile.sh&apos;&#10;/opt/homebrew/lib/ruby/gems/4.0.0/gems/fastlane-2.230.0/fastlane/lib/fastlane/fast_file.rb:216:in &apos;Fastlane::FastFile#sh&apos;&#10;Fastfile:310:in &apos;Fastlane::FastFile#capture_ios_screenshots&apos;&#10;Fastfile:244:in &apos;block (4 levels) in Fastlane::FastFile#parsing_binding&apos;&#10;Fastfile:243:in &apos;Array#each&apos;&#10;Fastfile:243:in &apos;block (3 levels) in Fastlane::FastFile#parsing_binding&apos;&#10;Fastfile:224:in &apos;Array#each&apos;&#10;Fastfile:224:in &apos;block (2 levels) in Fastlane::FastFile#parsing_binding&apos;&#10;/opt/homebrew/lib/ruby/gems/4.0.0/gems/fastlane-2.230.0/fastlane/lib/fastlane/lane.rb:41:in &apos;Fastlane::Lane#call&apos;&#10;/opt/homebrew/lib/ruby/gems/4.0.0/gems/fastlane-2.230.0/fastlane/lib/fastlane/runner.rb:49:in &apos;block in Fastlane::Runner#execute&apos;&#10;/opt/homebrew/lib/ruby/gems/4.0.0/gems/fastlane-2.230.0/fastlane/lib/fastlane/runner.rb:45:in &apos;Dir.chdir&apos;&#10;/opt/homebrew/lib/ruby/gems/4.0.0/gems/fastlane-2.230.0/fastlane/lib/fastlane/runner.rb:45:in &apos;Fastlane::Runner#execute&apos;&#10;/opt/homebrew/lib/ruby/gems/4.0.0/gems/fastlane-2.230.0/fastlane/lib/fastlane/lane_manager.rb:46:in &apos;Fastlane::LaneManager.cruise_lane&apos;&#10;/opt/homebrew/lib/ruby/gems/4.0.0/gems/fastlane-2.230.0/fastlane/lib/fastlane/command_line_handler.rb:34:in &apos;Fastlane::CommandLineHandler.handle&apos;&#10;/opt/homebrew/lib/ruby/gems/4.0.0/gems/fastlane-2.230.0/fastlane/lib/fastlane/commands_generator.rb:110:in &apos;block (2 levels) in Fastlane::CommandsGenerator#run&apos;&#10;/opt/homebrew/lib/ruby/gems/4.0.0/gems/commander-4.6.0/lib/commander/command.rb:187:in &apos;Commander::Command#call&apos;&#10;/opt/homebrew/lib/ruby/gems/4.0.0/gems/commander-4.6.0/lib/commander/command.rb:157:in &apos;Commander::Command#run&apos;&#10;/opt/homebrew/lib/ruby/gems/4.0.0/gems/commander-4.6.0/lib/commander/runner.rb:444:in &apos;Commander::Runner#run_active_command&apos;&#10;/opt/homebrew/lib/ruby/gems/4.0.0/gems/fastlane-2.230.0/fastlane_core/lib/fastlane_core/ui/fastlane_runner.rb:124:in &apos;Commander::Runner#run!&apos;&#10;/opt/homebrew/lib/ruby/gems/4.0.0/gems/commander-4.6.0/lib/commander/delegates.rb:18:in &apos;Commander::Delegates#run!&apos;&#10;/opt/homebrew/lib/ruby/gems/4.0.0/gems/fastlane-2.230.0/fastlane/lib/fastlane/commands_generator.rb:363:in &apos;Fastlane::CommandsGenerator#run&apos;&#10;/opt/homebrew/lib/ruby/gems/4.0.0/gems/fastlane-2.230.0/fastlane/lib/fastlane/commands_generator.rb:43:in &apos;Fastlane::CommandsGenerator.start&apos;&#10;/opt/homebrew/lib/ruby/gems/4.0.0/gems/fastlane-2.230.0/fastlane/lib/fastlane/cli_tools_distributor.rb:123:in &apos;Fastlane::CLIToolsDistributor.take_off&apos;&#10;/opt/homebrew/lib/ruby/gems/4.0.0/gems/fastlane-2.230.0/bin/fastlane:23:in &apos;&lt;top (required)&gt;&apos;&#10;/opt/homebrew/Cellar/ruby/4.0.0/lib/ruby/4.0.0/rubygems.rb:303:in &apos;Kernel#load&apos;&#10;/opt/homebrew/Cellar/ruby/4.0.0/lib/ruby/4.0.0/rubygems.rb:303:in &apos;Gem.activate_and_load_bin_path&apos;&#10;/opt/homebrew/lib/ruby/gems/4.0.0/bin/fastlane:25:in &apos;&lt;top (required)&gt;&apos;&#10;/opt/homebrew/lib/ruby/gems/4.0.0/gems/bundler-2.7.2/lib/bundler/cli/exec.rb:59:in &apos;Kernel.load&apos;&#10;/opt/homebrew/lib/ruby/gems/4.0.0/gems/bundler-2.7.2/lib/bundler/cli/exec.rb:59:in &apos;Bundler::CLI::Exec#kernel_load&apos;&#10;/opt/homebrew/lib/ruby/gems/4.0.0/gems/bundler-2.7.2/lib/bundler/cli/exec.rb:23:in &apos;Bundler::CLI::Exec#run&apos;&#10;/opt/homebrew/lib/ruby/gems/4.0.0/gems/bundler-2.7.2/lib/bundler/cli.rb:456:in &apos;Bundler::CLI#exec&apos;&#10;/opt/homebrew/lib/ruby/gems/4.0.0/gems/bundler-2.7.2/lib/bundler/vendor/thor/lib/thor/command.rb:28:in &apos;Bundler::Thor::Command#run&apos;&#10;/opt/homebrew/lib/ruby/gems/4.0.0/gems/bundler-2.7.2/lib/bundler/vendor/thor/lib/thor/invocation.rb:127:in &apos;Bundler::Thor::Invocation#invoke_command&apos;&#10;/opt/homebrew/lib/ruby/gems/4.0.0/gems/bundler-2.7.2/lib/bundler/vendor/thor/lib/thor.rb:538:in &apos;Bundler::Thor.dispatch&apos;&#10;/opt/homebrew/lib/ruby/gems/4.0.0/gems/bundler-2.7.2/lib/bundler/cli.rb:35:in &apos;Bundler::CLI.dispatch&apos;&#10;/opt/homebrew/lib/ruby/gems/4.0.0/gems/bundler-2.7.2/lib/bundler/vendor/thor/lib/thor/base.rb:584:in &apos;Bundler::Thor::Base::ClassMethods#start&apos;&#10;/opt/homebrew/lib/ruby/gems/4.0.0/gems/bundler-2.7.2/lib/bundler/cli.rb:29:in &apos;Bundler::CLI.start&apos;&#10;/opt/homebrew/lib/ruby/gems/4.0.0/gems/bundler-2.7.2/exe/bundle:28:in &apos;block in &lt;top (required)&gt;&apos;&#10;/opt/homebrew/lib/ruby/gems/4.0.0/gems/bundler-2.7.2/lib/bundler/friendly_errors.rb:118:in &apos;Bundler.with_friendly_errors&apos;&#10;/opt/homebrew/lib/ruby/gems/4.0.0/gems/bundler-2.7.2/exe/bundle:20:in &apos;&lt;top (required)&gt;&apos;&#10;/opt/homebrew/Cellar/ruby/4.0.0/lib/ruby/4.0.0/rubygems.rb:303:in &apos;Kernel#load&apos;&#10;/opt/homebrew/Cellar/ruby/4.0.0/lib/ruby/4.0.0/rubygems.rb:303:in &apos;Gem.activate_and_load_bin_path&apos;&#10;/opt/homebrew/opt/ruby/bin/bundle:25:in &apos;&lt;main&gt;&apos;&#10;&#10;Exit status of command &apos;xcrun simctl spawn iPhone\ 16e killall SpringBoard&apos; was 2 instead of 0.&#10;An error was encountered processing the command (domain=NSPOSIXErrorDomain, code=2):&#10;The operation couldn’t be completed. No such file or directory&#10;No such file or directory&#10;" />
        
      </testcase>
    
      
      <testcase classname="fastlane.lanes" name="24: fvm flutter drive --driver\=test_driver/integration_test.dart --target\=integration_test/screenshot_test.dart --dart-define\=TEST_LOCALE\=en-US -d iPhone\ 16e" time="149.499876">
        
      </testcase>
    
      
      <testcase classname="fastlane.lanes" name="25: xcrun simctl shutdown &apos;iPhone 17&apos; || true" time="0.444133">
        
      </testcase>
    
      
      <testcase classname="fastlane.lanes" name="26: xcrun simctl erase iPhone\ 17" time="0.168433">
        
      </testcase>
    
      
      <testcase classname="fastlane.lanes" name="27: xcrun simctl boot iPhone\ 17" time="0.431392">
        
      </testcase>
    
      
      <testcase classname="fastlane.lanes" name="28: open -a Simulator" time="0.153201">
        
      </testcase>
    
      
      <testcase classname="fastlane.lanes" name="29: xcrun simctl spawn iPhone\ 17 defaults write NSGlobalDomain AppleLanguages -array en" time="0.402317">
        
      </testcase>
    
      
      <testcase classname="fastlane.lanes" name="30: xcrun simctl spawn iPhone\ 17 defaults write NSGlobalDomain AppleLocale -string en-US" time="0.31062">
        
      </testcase>
    
      
      <testcase classname="fastlane.lanes" name="31: xcrun simctl spawn iPhone\ 17 killall SpringBoard" time="0.133641">
        
          <failure message="/opt/homebrew/lib/ruby/gems/4.0.0/gems/fastlane-2.230.0/fastlane/lib/fastlane/actions/actions_helper.rb:67:in &apos;Fastlane::Actions.execute_action&apos;&#10;/opt/homebrew/lib/ruby/gems/4.0.0/gems/fastlane-2.230.0/fastlane/lib/fastlane/fast_file.rb:224:in &apos;Fastlane::FastFile.sh&apos;&#10;/opt/homebrew/lib/ruby/gems/4.0.0/gems/fastlane-2.230.0/fastlane/lib/fastlane/fast_file.rb:216:in &apos;Fastlane::FastFile#sh&apos;&#10;Fastfile:310:in &apos;Fastlane::FastFile#capture_ios_screenshots&apos;&#10;Fastfile:244:in &apos;block (4 levels) in Fastlane::FastFile#parsing_binding&apos;&#10;Fastfile:243:in &apos;Array#each&apos;&#10;Fastfile:243:in &apos;block (3 levels) in Fastlane::FastFile#parsing_binding&apos;&#10;Fastfile:224:in &apos;Array#each&apos;&#10;Fastfile:224:in &apos;block (2 levels) in Fastlane::FastFile#parsing_binding&apos;&#10;/opt/homebrew/lib/ruby/gems/4.0.0/gems/fastlane-2.230.0/fastlane/lib/fastlane/lane.rb:41:in &apos;Fastlane::Lane#call&apos;&#10;/opt/homebrew/lib/ruby/gems/4.0.0/gems/fastlane-2.230.0/fastlane/lib/fastlane/runner.rb:49:in &apos;block in Fastlane::Runner#execute&apos;&#10;/opt/homebrew/lib/ruby/gems/4.0.0/gems/fastlane-2.230.0/fastlane/lib/fastlane/runner.rb:45:in &apos;Dir.chdir&apos;&#10;/opt/homebrew/lib/ruby/gems/4.0.0/gems/fastlane-2.230.0/fastlane/lib/fastlane/runner.rb:45:in &apos;Fastlane::Runner#execute&apos;&#10;/opt/homebrew/lib/ruby/gems/4.0.0/gems/fastlane-2.230.0/fastlane/lib/fastlane/lane_manager.rb:46:in &apos;Fastlane::LaneManager.cruise_lane&apos;&#10;/opt/homebrew/lib/ruby/gems/4.0.0/gems/fastlane-2.230.0/fastlane/lib/fastlane/command_line_handler.rb:34:in &apos;Fastlane::CommandLineHandler.handle&apos;&#10;/opt/homebrew/lib/ruby/gems/4.0.0/gems/fastlane-2.230.0/fastlane/lib/fastlane/commands_generator.rb:110:in &apos;block (2 levels) in Fastlane::CommandsGenerator#run&apos;&#10;/opt/homebrew/lib/ruby/gems/4.0.0/gems/commander-4.6.0/lib/commander/command.rb:187:in &apos;Commander::Command#call&apos;&#10;/opt/homebrew/lib/ruby/gems/4.0.0/gems/commander-4.6.0/lib/commander/command.rb:157:in &apos;Commander::Command#run&apos;&#10;/opt/homebrew/lib/ruby/gems/4.0.0/gems/commander-4.6.0/lib/commander/runner.rb:444:in &apos;Commander::Runner#run_active_command&apos;&#10;/opt/homebrew/lib/ruby/gems/4.0.0/gems/fastlane-2.230.0/fastlane_core/lib/fastlane_core/ui/fastlane_runner.rb:124:in &apos;Commander::Runner#run!&apos;&#10;/opt/homebrew/lib/ruby/gems/4.0.0/gems/commander-4.6.0/lib/commander/delegates.rb:18:in &apos;Commander::Delegates#run!&apos;&#10;/opt/homebrew/lib/ruby/gems/4.0.0/gems/fastlane-2.230.0/fastlane/lib/fastlane/commands_generator.rb:363:in &apos;Fastlane::CommandsGenerator#run&apos;&#10;/opt/homebrew/lib/ruby/gems/4.0.0/gems/fastlane-2.230.0/fastlane/lib/fastlane/commands_generator.rb:43:in &apos;Fastlane::CommandsGenerator.start&apos;&#10;/opt/homebrew/lib/ruby/gems/4.0.0/gems/fastlane-2.230.0/fastlane/lib/fastlane/cli_tools_distributor.rb:123:in &apos;Fastlane::CLIToolsDistributor.take_off&apos;&#10;/opt/homebrew/lib/ruby/gems/4.0.0/gems/fastlane-2.230.0/bin/fastlane:23:in &apos;&lt;top (required)&gt;&apos;&#10;/opt/homebrew/Cellar/ruby/4.0.0/lib/ruby/4.0.0/rubygems.rb:303:in &apos;Kernel#load&apos;&#10;/opt/homebrew/Cellar/ruby/4.0.0/lib/ruby/4.0.0/rubygems.rb:303:in &apos;Gem.activate_and_load_bin_path&apos;&#10;/opt/homebrew/lib/ruby/gems/4.0.0/bin/fastlane:25:in &apos;&lt;top (required)&gt;&apos;&#10;/opt/homebrew/lib/ruby/gems/4.0.0/gems/bundler-2.7.2/lib/bundler/cli/exec.rb:59:in &apos;Kernel.load&apos;&#10;/opt/homebrew/lib/ruby/gems/4.0.0/gems/bundler-2.7.2/lib/bundler/cli/exec.rb:59:in &apos;Bundler::CLI::Exec#kernel_load&apos;&#10;/opt/homebrew/lib/ruby/gems/4.0.0/gems/bundler-2.7.2/lib/bundler/cli/exec.rb:23:in &apos;Bundler::CLI::Exec#run&apos;&#10;/opt/homebrew/lib/ruby/gems/4.0.0/gems/bundler-2.7.2/lib/bundler/cli.rb:456:in &apos;Bundler::CLI#exec&apos;&#10;/opt/homebrew/lib/ruby/gems/4.0.0/gems/bundler-2.7.2/lib/bundler/vendor/thor/lib/thor/command.rb:28:in &apos;Bundler::Thor::Command#run&apos;&#10;/opt/homebrew/lib/ruby/gems/4.0.0/gems/bundler-2.7.2/lib/bundler/vendor/thor/lib/thor/invocation.rb:127:in &apos;Bundler::Thor::Invocation#invoke_command&apos;&#10;/opt/homebrew/lib/ruby/gems/4.0.0/gems/bundler-2.7.2/lib/bundler/vendor/thor/lib/thor.rb:538:in &apos;Bundler::Thor.dispatch&apos;&#10;/opt/homebrew/lib/ruby/gems/4.0.0/gems/bundler-2.7.2/lib/bundler/cli.rb:35:in &apos;Bundler::CLI.dispatch&apos;&#10;/opt/homebrew/lib/ruby/gems/4.0.0/gems/bundler-2.7.2/lib/bundler/vendor/thor/lib/thor/base.rb:584:in &apos;Bundler::Thor::Base::ClassMethods#start&apos;&#10;/opt/homebrew/lib/ruby/gems/4.0.0/gems/bundler-2.7.2/lib/bundler/cli.rb:29:in &apos;Bundler::CLI.start&apos;&#10;/opt/homebrew/lib/ruby/gems/4.0.0/gems/bundler-2.7.2/exe/bundle:28:in &apos;block in &lt;top (required)&gt;&apos;&#10;/opt/homebrew/lib/ruby/gems/4.0.0/gems/bundler-2.7.2/lib/bundler/friendly_errors.rb:118:in &apos;Bundler.with_friendly_errors&apos;&#10;/opt/homebrew/lib/ruby/gems/4.0.0/gems/bundler-2.7.2/exe/bundle:20:in &apos;&lt;top (required)&gt;&apos;&#10;/opt/homebrew/Cellar/ruby/4.0.0/lib/ruby/4.0.0/rubygems.rb:303:in &apos;Kernel#load&apos;&#10;/opt/homebrew/Cellar/ruby/4.0.0/lib/ruby/4.0.0/rubygems.rb:303:in &apos;Gem.activate_and_load_bin_path&apos;&#10;/opt/homebrew/opt/ruby/bin/bundle:25:in &apos;&lt;main&gt;&apos;&#10;&#10;Exit status of command &apos;xcrun simctl spawn iPhone\ 17 killall SpringBoard&apos; was 2 instead of 0.&#10;An error was encountered processing the command (domain=NSPOSIXErrorDomain, code=2):&#10;The operation couldn’t be completed. No such file or directory&#10;No such file or directory&#10;" />
        
      </testcase>
    
      
      <testcase classname="fastlane.lanes" name="32: fvm flutter drive --driver\=test_driver/integration_test.dart --target\=integration_test/screenshot_test.dart --dart-define\=TEST_LOCALE\=en-US -d iPhone\ 17" time="139.836164">
        
      </testcase>
    
      
      <testcase classname="fastlane.lanes" name="33: xcrun simctl shutdown &apos;iPhone 16e&apos; || true" time="0.353574">
        
      </testcase>
    
      
      <testcase classname="fastlane.lanes" name="34: xcrun simctl erase iPhone\ 16e" time="0.17889">
        
      </testcase>
    
      
      <testcase classname="fastlane.lanes" name="35: xcrun simctl boot iPhone\ 16e" time="0.409569">
        
      </testcase>
    
      
      <testcase classname="fastlane.lanes" name="36: open -a Simulator" time="0.056435">
        
      </testcase>
    
      
      <testcase classname="fastlane.lanes" name="37: xcrun simctl spawn iPhone\ 16e defaults write NSGlobalDomain AppleLanguages -array es" time="0.260923">
        
      </testcase>
    
      
      <testcase classname="fastlane.lanes" name="38: xcrun simctl spawn iPhone\ 16e defaults write NSGlobalDomain AppleLocale -string es-ES" time="0.234892">
        
      </testcase>
    
      
      <testcase classname="fastlane.lanes" name="39: xcrun simctl spawn iPhone\ 16e killall SpringBoard" time="0.169123">
        
          <failure message="/opt/homebrew/lib/ruby/gems/4.0.0/gems/fastlane-2.230.0/fastlane/lib/fastlane/actions/actions_helper.rb:67:in &apos;Fastlane::Actions.execute_action&apos;&#10;/opt/homebrew/lib/ruby/gems/4.0.0/gems/fastlane-2.230.0/fastlane/lib/fastlane/fast_file.rb:224:in &apos;Fastlane::FastFile.sh&apos;&#10;/opt/homebrew/lib/ruby/gems/4.0.0/gems/fastlane-2.230.0/fastlane/lib/fastlane/fast_file.rb:216:in &apos;Fastlane::FastFile#sh&apos;&#10;Fastfile:310:in &apos;Fastlane::FastFile#capture_ios_screenshots&apos;&#10;Fastfile:244:in &apos;block (4 levels) in Fastlane::FastFile#parsing_binding&apos;&#10;Fastfile:243:in &apos;Array#each&apos;&#10;Fastfile:243:in &apos;block (3 levels) in Fastlane::FastFile#parsing_binding&apos;&#10;Fastfile:224:in &apos;Array#each&apos;&#10;Fastfile:224:in &apos;block (2 levels) in Fastlane::FastFile#parsing_binding&apos;&#10;/opt/homebrew/lib/ruby/gems/4.0.0/gems/fastlane-2.230.0/fastlane/lib/fastlane/lane.rb:41:in &apos;Fastlane::Lane#call&apos;&#10;/opt/homebrew/lib/ruby/gems/4.0.0/gems/fastlane-2.230.0/fastlane/lib/fastlane/runner.rb:49:in &apos;block in Fastlane::Runner#execute&apos;&#10;/opt/homebrew/lib/ruby/gems/4.0.0/gems/fastlane-2.230.0/fastlane/lib/fastlane/runner.rb:45:in &apos;Dir.chdir&apos;&#10;/opt/homebrew/lib/ruby/gems/4.0.0/gems/fastlane-2.230.0/fastlane/lib/fastlane/runner.rb:45:in &apos;Fastlane::Runner#execute&apos;&#10;/opt/homebrew/lib/ruby/gems/4.0.0/gems/fastlane-2.230.0/fastlane/lib/fastlane/lane_manager.rb:46:in &apos;Fastlane::LaneManager.cruise_lane&apos;&#10;/opt/homebrew/lib/ruby/gems/4.0.0/gems/fastlane-2.230.0/fastlane/lib/fastlane/command_line_handler.rb:34:in &apos;Fastlane::CommandLineHandler.handle&apos;&#10;/opt/homebrew/lib/ruby/gems/4.0.0/gems/fastlane-2.230.0/fastlane/lib/fastlane/commands_generator.rb:110:in &apos;block (2 levels) in Fastlane::CommandsGenerator#run&apos;&#10;/opt/homebrew/lib/ruby/gems/4.0.0/gems/commander-4.6.0/lib/commander/command.rb:187:in &apos;Commander::Command#call&apos;&#10;/opt/homebrew/lib/ruby/gems/4.0.0/gems/commander-4.6.0/lib/commander/command.rb:157:in &apos;Commander::Command#run&apos;&#10;/opt/homebrew/lib/ruby/gems/4.0.0/gems/commander-4.6.0/lib/commander/runner.rb:444:in &apos;Commander::Runner#run_active_command&apos;&#10;/opt/homebrew/lib/ruby/gems/4.0.0/gems/fastlane-2.230.0/fastlane_core/lib/fastlane_core/ui/fastlane_runner.rb:124:in &apos;Commander::Runner#run!&apos;&#10;/opt/homebrew/lib/ruby/gems/4.0.0/gems/commander-4.6.0/lib/commander/delegates.rb:18:in &apos;Commander::Delegates#run!&apos;&#10;/opt/homebrew/lib/ruby/gems/4.0.0/gems/fastlane-2.230.0/fastlane/lib/fastlane/commands_generator.rb:363:in &apos;Fastlane::CommandsGenerator#run&apos;&#10;/opt/homebrew/lib/ruby/gems/4.0.0/gems/fastlane-2.230.0/fastlane/lib/fastlane/commands_generator.rb:43:in &apos;Fastlane::CommandsGenerator.start&apos;&#10;/opt/homebrew/lib/ruby/gems/4.0.0/gems/fastlane-2.230.0/fastlane/lib/fastlane/cli_tools_distributor.rb:123:in &apos;Fastlane::CLIToolsDistributor.take_off&apos;&#10;/opt/homebrew/lib/ruby/gems/4.0.0/gems/fastlane-2.230.0/bin/fastlane:23:in &apos;&lt;top (required)&gt;&apos;&#10;/opt/homebrew/Cellar/ruby/4.0.0/lib/ruby/4.0.0/rubygems.rb:303:in &apos;Kernel#load&apos;&#10;/opt/homebrew/Cellar/ruby/4.0.0/lib/ruby/4.0.0/rubygems.rb:303:in &apos;Gem.activate_and_load_bin_path&apos;&#10;/opt/homebrew/lib/ruby/gems/4.0.0/bin/fastlane:25:in &apos;&lt;top (required)&gt;&apos;&#10;/opt/homebrew/lib/ruby/gems/4.0.0/gems/bundler-2.7.2/lib/bundler/cli/exec.rb:59:in &apos;Kernel.load&apos;&#10;/opt/homebrew/lib/ruby/gems/4.0.0/gems/bundler-2.7.2/lib/bundler/cli/exec.rb:59:in &apos;Bundler::CLI::Exec#kernel_load&apos;&#10;/opt/homebrew/lib/ruby/gems/4.0.0/gems/bundler-2.7.2/lib/bundler/cli/exec.rb:23:in &apos;Bundler::CLI::Exec#run&apos;&#10;/opt/homebrew/lib/ruby/gems/4.0.0/gems/bundler-2.7.2/lib/bundler/cli.rb:456:in &apos;Bundler::CLI#exec&apos;&#10;/opt/homebrew/lib/ruby/gems/4.0.0/gems/bundler-2.7.2/lib/bundler/vendor/thor/lib/thor/command.rb:28:in &apos;Bundler::Thor::Command#run&apos;&#10;/opt/homebrew/lib/ruby/gems/4.0.0/gems/bundler-2.7.2/lib/bundler/vendor/thor/lib/thor/invocation.rb:127:in &apos;Bundler::Thor::Invocation#invoke_command&apos;&#10;/opt/homebrew/lib/ruby/gems/4.0.0/gems/bundler-2.7.2/lib/bundler/vendor/thor/lib/thor.rb:538:in &apos;Bundler::Thor.dispatch&apos;&#10;/opt/homebrew/lib/ruby/gems/4.0.0/gems/bundler-2.7.2/lib/bundler/cli.rb:35:in &apos;Bundler::CLI.dispatch&apos;&#10;/opt/homebrew/lib/ruby/gems/4.0.0/gems/bundler-2.7.2/lib/bundler/vendor/thor/lib/thor/base.rb:584:in &apos;Bundler::Thor::Base::ClassMethods#start&apos;&#10;/opt/homebrew/lib/ruby/gems/4.0.0/gems/bundler-2.7.2/lib/bundler/cli.rb:29:in &apos;Bundler::CLI.start&apos;&#10;/opt/homebrew/lib/ruby/gems/4.0.0/gems/bundler-2.7.2/exe/bundle:28:in &apos;block in &lt;top (required)&gt;&apos;&#10;/opt/homebrew/lib/ruby/gems/4.0.0/gems/bundler-2.7.2/lib/bundler/friendly_errors.rb:118:in &apos;Bundler.with_friendly_errors&apos;&#10;/opt/homebrew/lib/ruby/gems/4.0.0/gems/bundler-2.7.2/exe/bundle:20:in &apos;&lt;top (required)&gt;&apos;&#10;/opt/homebrew/Cellar/ruby/4.0.0/lib/ruby/4.0.0/rubygems.rb:303:in &apos;Kernel#load&apos;&#10;/opt/homebrew/Cellar/ruby/4.0.0/lib/ruby/4.0.0/rubygems.rb:303:in &apos;Gem.activate_and_load_bin_path&apos;&#10;/opt/homebrew/opt/ruby/bin/bundle:25:in &apos;&lt;main&gt;&apos;&#10;&#10;Exit status of command &apos;xcrun simctl spawn iPhone\ 16e killall SpringBoard&apos; was 2 instead of 0.&#10;An error was encountered processing the command (domain=NSPOSIXErrorDomain, code=2):&#10;The operation couldn’t be completed. No such file or directory&#10;No such file or directory&#10;" />
        
      </testcase>
    
      
      <testcase classname="fastlane.lanes" name="40: fvm flutter drive --driver\=test_driver/integration_test.dart --target\=integration_test/screenshot_test.dart --dart-define\=TEST_LOCALE\=es-ES -d iPhone\ 16e" time="141.571853">
        
      </testcase>
    
      
      <testcase classname="fastlane.lanes" name="41: xcrun simctl shutdown &apos;iPhone 17&apos; || true" time="0.42282">
        
      </testcase>
    
      
      <testcase classname="fastlane.lanes" name="42: xcrun simctl erase iPhone\ 17" time="0.210883">
        
      </testcase>
    
      
      <testcase classname="fastlane.lanes" name="43: xcrun simctl boot iPhone\ 17" time="0.462651">
        
      </testcase>
    
      
      <testcase classname="fastlane.lanes" name="44: open -a Simulator" time="0.079845">
        
      </testcase>
    
      
      <testcase classname="fastlane.lanes" name="45: xcrun simctl spawn iPhone\ 17 defaults write NSGlobalDomain AppleLanguages -array es" time="0.234526">
        
      </testcase>
    
      
      <testcase classname="fastlane.lanes" name="46: xcrun simctl spawn iPhone\ 17 defaults write NSGlobalDomain AppleLocale -string es-ES" time="0.218985">
        
      </testcase>
    
      
      <testcase classname="fastlane.lanes" name="47: xcrun simctl spawn iPhone\ 17 killall SpringBoard" time="0.087158">
        
          <failure message="/opt/homebrew/lib/ruby/gems/4.0.0/gems/fastlane-2.230.0/fastlane/lib/fastlane/actions/actions_helper.rb:67:in &apos;Fastlane::Actions.execute_action&apos;&#10;/opt/homebrew/lib/ruby/gems/4.0.0/gems/fastlane-2.230.0/fastlane/lib/fastlane/fast_file.rb:224:in &apos;Fastlane::FastFile.sh&apos;&#10;/opt/homebrew/lib/ruby/gems/4.0.0/gems/fastlane-2.230.0/fastlane/lib/fastlane/fast_file.rb:216:in &apos;Fastlane::FastFile#sh&apos;&#10;Fastfile:310:in &apos;Fastlane::FastFile#capture_ios_screenshots&apos;&#10;Fastfile:244:in &apos;block (4 levels) in Fastlane::FastFile#parsing_binding&apos;&#10;Fastfile:243:in &apos;Array#each&apos;&#10;Fastfile:243:in &apos;block (3 levels) in Fastlane::FastFile#parsing_binding&apos;&#10;Fastfile:224:in &apos;Array#each&apos;&#10;Fastfile:224:in &apos;block (2 levels) in Fastlane::FastFile#parsing_binding&apos;&#10;/opt/homebrew/lib/ruby/gems/4.0.0/gems/fastlane-2.230.0/fastlane/lib/fastlane/lane.rb:41:in &apos;Fastlane::Lane#call&apos;&#10;/opt/homebrew/lib/ruby/gems/4.0.0/gems/fastlane-2.230.0/fastlane/lib/fastlane/runner.rb:49:in &apos;block in Fastlane::Runner#execute&apos;&#10;/opt/homebrew/lib/ruby/gems/4.0.0/gems/fastlane-2.230.0/fastlane/lib/fastlane/runner.rb:45:in &apos;Dir.chdir&apos;&#10;/opt/homebrew/lib/ruby/gems/4.0.0/gems/fastlane-2.230.0/fastlane/lib/fastlane/runner.rb:45:in &apos;Fastlane::Runner#execute&apos;&#10;/opt/homebrew/lib/ruby/gems/4.0.0/gems/fastlane-2.230.0/fastlane/lib/fastlane/lane_manager.rb:46:in &apos;Fastlane::LaneManager.cruise_lane&apos;&#10;/opt/homebrew/lib/ruby/gems/4.0.0/gems/fastlane-2.230.0/fastlane/lib/fastlane/command_line_handler.rb:34:in &apos;Fastlane::CommandLineHandler.handle&apos;&#10;/opt/homebrew/lib/ruby/gems/4.0.0/gems/fastlane-2.230.0/fastlane/lib/fastlane/commands_generator.rb:110:in &apos;block (2 levels) in Fastlane::CommandsGenerator#run&apos;&#10;/opt/homebrew/lib/ruby/gems/4.0.0/gems/commander-4.6.0/lib/commander/command.rb:187:in &apos;Commander::Command#call&apos;&#10;/opt/homebrew/lib/ruby/gems/4.0.0/gems/commander-4.6.0/lib/commander/command.rb:157:in &apos;Commander::Command#run&apos;&#10;/opt/homebrew/lib/ruby/gems/4.0.0/gems/commander-4.6.0/lib/commander/runner.rb:444:in &apos;Commander::Runner#run_active_command&apos;&#10;/opt/homebrew/lib/ruby/gems/4.0.0/gems/fastlane-2.230.0/fastlane_core/lib/fastlane_core/ui/fastlane_runner.rb:124:in &apos;Commander::Runner#run!&apos;&#10;/opt/homebrew/lib/ruby/gems/4.0.0/gems/commander-4.6.0/lib/commander/delegates.rb:18:in &apos;Commander::Delegates#run!&apos;&#10;/opt/homebrew/lib/ruby/gems/4.0.0/gems/fastlane-2.230.0/fastlane/lib/fastlane/commands_generator.rb:363:in &apos;Fastlane::CommandsGenerator#run&apos;&#10;/opt/homebrew/lib/ruby/gems/4.0.0/gems/fastlane-2.230.0/fastlane/lib/fastlane/commands_generator.rb:43:in &apos;Fastlane::CommandsGenerator.start&apos;&#10;/opt/homebrew/lib/ruby/gems/4.0.0/gems/fastlane-2.230.0/fastlane/lib/fastlane/cli_tools_distributor.rb:123:in &apos;Fastlane::CLIToolsDistributor.take_off&apos;&#10;/opt/homebrew/lib/ruby/gems/4.0.0/gems/fastlane-2.230.0/bin/fastlane:23:in &apos;&lt;top (required)&gt;&apos;&#10;/opt/homebrew/Cellar/ruby/4.0.0/lib/ruby/4.0.0/rubygems.rb:303:in &apos;Kernel#load&apos;&#10;/opt/homebrew/Cellar/ruby/4.0.0/lib/ruby/4.0.0/rubygems.rb:303:in &apos;Gem.activate_and_load_bin_path&apos;&#10;/opt/homebrew/lib/ruby/gems/4.0.0/bin/fastlane:25:in &apos;&lt;top (required)&gt;&apos;&#10;/opt/homebrew/lib/ruby/gems/4.0.0/gems/bundler-2.7.2/lib/bundler/cli/exec.rb:59:in &apos;Kernel.load&apos;&#10;/opt/homebrew/lib/ruby/gems/4.0.0/gems/bundler-2.7.2/lib/bundler/cli/exec.rb:59:in &apos;Bundler::CLI::Exec#kernel_load&apos;&#10;/opt/homebrew/lib/ruby/gems/4.0.0/gems/bundler-2.7.2/lib/bundler/cli/exec.rb:23:in &apos;Bundler::CLI::Exec#run&apos;&#10;/opt/homebrew/lib/ruby/gems/4.0.0/gems/bundler-2.7.2/lib/bundler/cli.rb:456:in &apos;Bundler::CLI#exec&apos;&#10;/opt/homebrew/lib/ruby/gems/4.0.0/gems/bundler-2.7.2/lib/bundler/vendor/thor/lib/thor/command.rb:28:in &apos;Bundler::Thor::Command#run&apos;&#10;/opt/homebrew/lib/ruby/gems/4.0.0/gems/bundler-2.7.2/lib/bundler/vendor/thor/lib/thor/invocation.rb:127:in &apos;Bundler::Thor::Invocation#invoke_command&apos;&#10;/opt/homebrew/lib/ruby/gems/4.0.0/gems/bundler-2.7.2/lib/bundler/vendor/thor/lib/thor.rb:538:in &apos;Bundler::Thor.dispatch&apos;&#10;/opt/homebrew/lib/ruby/gems/4.0.0/gems/bundler-2.7.2/lib/bundler/cli.rb:35:in &apos;Bundler::CLI.dispatch&apos;&#10;/opt/homebrew/lib/ruby/gems/4.0.0/gems/bundler-2.7.2/lib/bundler/vendor/thor/lib/thor/base.rb:584:in &apos;Bundler::Thor::Base::ClassMethods#start&apos;&#10;/opt/homebrew/lib/ruby/gems/4.0.0/gems/bundler-2.7.2/lib/bundler/cli.rb:29:in &apos;Bundler::CLI.start&apos;&#10;/opt/homebrew/lib/ruby/gems/4.0.0/gems/bundler-2.7.2/exe/bundle:28:in &apos;block in &lt;top (required)&gt;&apos;&#10;/opt/homebrew/lib/ruby/gems/4.0.0/gems/bundler-2.7.2/lib/bundler/friendly_errors.rb:118:in &apos;Bundler.with_friendly_errors&apos;&#10;/opt/homebrew/lib/ruby/gems/4.0.0/gems/bundler-2.7.2/exe/bundle:20:in &apos;&lt;top (required)&gt;&apos;&#10;/opt/homebrew/Cellar/ruby/4.0.0/lib/ruby/4.0.0/rubygems.rb:303:in &apos;Kernel#load&apos;&#10;/opt/homebrew/Cellar/ruby/4.0.0/lib/ruby/4.0.0/rubygems.rb:303:in &apos;Gem.activate_and_load_bin_path&apos;&#10;/opt/homebrew/opt/ruby/bin/bundle:25:in &apos;&lt;main&gt;&apos;&#10;&#10;Exit status of command &apos;xcrun simctl spawn iPhone\ 17 killall SpringBoard&apos; was 2 instead of 0.&#10;An error was encountered processing the command (domain=NSPOSIXErrorDomain, code=2):&#10;The operation couldn’t be completed. No such file or directory&#10;No such file or directory&#10;" />
        
      </testcase>
    
      
      <testcase classname="fastlane.lanes" name="48: fvm flutter drive --driver\=test_driver/integration_test.dart --target\=integration_test/screenshot_test.dart --dart-define\=TEST_LOCALE\=es-ES -d iPhone\ 17" time="140.583622">
        
      </testcase>
    
  </testsuite>
</testsuites>
