<?xml version="1.0" encoding="UTF-8"?>
<testsuites>
  <testsuite name="fastlane.lanes">
    
    
    
      
      <testcase classname="fastlane.lanes" name="0: default_platform" time="0.000184">
        
      </testcase>
    
      
      <testcase classname="fastlane.lanes" name="1: /Users/rafaeldl/Library/Android/sdk/platform-tools/adb devices | grep emulator | cut -f1 | xargs -I {} /Users/rafaeldl/Library/Android/sdk/platform-tools/adb -s {} emu kill || true" time="0.014118">
        
      </testcase>
    
      
      <testcase classname="fastlane.lanes" name="2: /Users/rafaeldl/Library/Android/sdk/platform-tools/adb -s emulator-5554 shell settings put system system-locales pt-BR" time="0.045739">
        
      </testcase>
    
      
      <testcase classname="fastlane.lanes" name="3: /Users/rafaeldl/Library/Android/sdk/platform-tools/adb -s emulator-5554 shell setprop persist.sys.locale pt-BR" time="0.021117">
        
          <failure message="/opt/homebrew/lib/ruby/gems/4.0.0/gems/fastlane-2.230.0/fastlane/lib/fastlane/actions/actions_helper.rb:67:in &apos;Fastlane::Actions.execute_action&apos;&#10;/opt/homebrew/lib/ruby/gems/4.0.0/gems/fastlane-2.230.0/fastlane/lib/fastlane/fast_file.rb:224:in &apos;Fastlane::FastFile.sh&apos;&#10;/opt/homebrew/lib/ruby/gems/4.0.0/gems/fastlane-2.230.0/fastlane/lib/fastlane/fast_file.rb:216:in &apos;Fastlane::FastFile#sh&apos;&#10;Fastfile:316:in &apos;Fastlane::FastFile#boot_emulator&apos;&#10;Fastfile:354:in &apos;Fastlane::FastFile#capture_screenshots_for_device&apos;&#10;Fastfile:147:in &apos;block (2 levels) in Fastlane::FastFile#parsing_binding&apos;&#10;/opt/homebrew/lib/ruby/gems/4.0.0/gems/fastlane-2.230.0/fastlane/lib/fastlane/lane.rb:41:in &apos;Fastlane::Lane#call&apos;&#10;/opt/homebrew/lib/ruby/gems/4.0.0/gems/fastlane-2.230.0/fastlane/lib/fastlane/runner.rb:49:in &apos;block in Fastlane::Runner#execute&apos;&#10;/opt/homebrew/lib/ruby/gems/4.0.0/gems/fastlane-2.230.0/fastlane/lib/fastlane/runner.rb:45:in &apos;Dir.chdir&apos;&#10;/opt/homebrew/lib/ruby/gems/4.0.0/gems/fastlane-2.230.0/fastlane/lib/fastlane/runner.rb:45:in &apos;Fastlane::Runner#execute&apos;&#10;/opt/homebrew/lib/ruby/gems/4.0.0/gems/fastlane-2.230.0/fastlane/lib/fastlane/lane_manager.rb:46:in &apos;Fastlane::LaneManager.cruise_lane&apos;&#10;/opt/homebrew/lib/ruby/gems/4.0.0/gems/fastlane-2.230.0/fastlane/lib/fastlane/command_line_handler.rb:34:in &apos;Fastlane::CommandLineHandler.handle&apos;&#10;/opt/homebrew/lib/ruby/gems/4.0.0/gems/fastlane-2.230.0/fastlane/lib/fastlane/commands_generator.rb:110:in &apos;block (2 levels) in Fastlane::CommandsGenerator#run&apos;&#10;/opt/homebrew/lib/ruby/gems/4.0.0/gems/commander-4.6.0/lib/commander/command.rb:187:in &apos;Commander::Command#call&apos;&#10;/opt/homebrew/lib/ruby/gems/4.0.0/gems/commander-4.6.0/lib/commander/command.rb:157:in &apos;Commander::Command#run&apos;&#10;/opt/homebrew/lib/ruby/gems/4.0.0/gems/commander-4.6.0/lib/commander/runner.rb:444:in &apos;Commander::Runner#run_active_command&apos;&#10;/opt/homebrew/lib/ruby/gems/4.0.0/gems/fastlane-2.230.0/fastlane_core/lib/fastlane_core/ui/fastlane_runner.rb:124:in &apos;Commander::Runner#run!&apos;&#10;/opt/homebrew/lib/ruby/gems/4.0.0/gems/commander-4.6.0/lib/commander/delegates.rb:18:in &apos;Commander::Delegates#run!&apos;&#10;/opt/homebrew/lib/ruby/gems/4.0.0/gems/fastlane-2.230.0/fastlane/lib/fastlane/commands_generator.rb:363:in &apos;Fastlane::CommandsGenerator#run&apos;&#10;/opt/homebrew/lib/ruby/gems/4.0.0/gems/fastlane-2.230.0/fastlane/lib/fastlane/commands_generator.rb:43:in &apos;Fastlane::CommandsGenerator.start&apos;&#10;/opt/homebrew/lib/ruby/gems/4.0.0/gems/fastlane-2.230.0/fastlane/lib/fastlane/cli_tools_distributor.rb:123:in &apos;Fastlane::CLIToolsDistributor.take_off&apos;&#10;/opt/homebrew/lib/ruby/gems/4.0.0/gems/fastlane-2.230.0/bin/fastlane:23:in &apos;&lt;top (required)&gt;&apos;&#10;/opt/homebrew/Cellar/ruby/4.0.0/lib/ruby/4.0.0/rubygems.rb:303:in &apos;Kernel#load&apos;&#10;/opt/homebrew/Cellar/ruby/4.0.0/lib/ruby/4.0.0/rubygems.rb:303:in &apos;Gem.activate_and_load_bin_path&apos;&#10;/opt/homebrew/lib/ruby/gems/4.0.0/bin/fastlane:25:in &apos;&lt;top (required)&gt;&apos;&#10;/opt/homebrew/lib/ruby/gems/4.0.0/gems/bundler-2.7.2/lib/bundler/cli/exec.rb:59:in &apos;Kernel.load&apos;&#10;/opt/homebrew/lib/ruby/gems/4.0.0/gems/bundler-2.7.2/lib/bundler/cli/exec.rb:59:in &apos;Bundler::CLI::Exec#kernel_load&apos;&#10;/opt/homebrew/lib/ruby/gems/4.0.0/gems/bundler-2.7.2/lib/bundler/cli/exec.rb:23:in &apos;Bundler::CLI::Exec#run&apos;&#10;/opt/homebrew/lib/ruby/gems/4.0.0/gems/bundler-2.7.2/lib/bundler/cli.rb:456:in &apos;Bundler::CLI#exec&apos;&#10;/opt/homebrew/lib/ruby/gems/4.0.0/gems/bundler-2.7.2/lib/bundler/vendor/thor/lib/thor/command.rb:28:in &apos;Bundler::Thor::Command#run&apos;&#10;/opt/homebrew/lib/ruby/gems/4.0.0/gems/bundler-2.7.2/lib/bundler/vendor/thor/lib/thor/invocation.rb:127:in &apos;Bundler::Thor::Invocation#invoke_command&apos;&#10;/opt/homebrew/lib/ruby/gems/4.0.0/gems/bundler-2.7.2/lib/bundler/vendor/thor/lib/thor.rb:538:in &apos;Bundler::Thor.dispatch&apos;&#10;/opt/homebrew/lib/ruby/gems/4.0.0/gems/bundler-2.7.2/lib/bundler/cli.rb:35:in &apos;Bundler::CLI.dispatch&apos;&#10;/opt/homebrew/lib/ruby/gems/4.0.0/gems/bundler-2.7.2/lib/bundler/vendor/thor/lib/thor/base.rb:584:in &apos;Bundler::Thor::Base::ClassMethods#start&apos;&#10;/opt/homebrew/lib/ruby/gems/4.0.0/gems/bundler-2.7.2/lib/bundler/cli.rb:29:in &apos;Bundler::CLI.start&apos;&#10;/opt/homebrew/lib/ruby/gems/4.0.0/gems/bundler-2.7.2/exe/bundle:28:in &apos;block in &lt;top (required)&gt;&apos;&#10;/opt/homebrew/lib/ruby/gems/4.0.0/gems/bundler-2.7.2/lib/bundler/friendly_errors.rb:118:in &apos;Bundler.with_friendly_errors&apos;&#10;/opt/homebrew/lib/ruby/gems/4.0.0/gems/bundler-2.7.2/exe/bundle:20:in &apos;&lt;top (required)&gt;&apos;&#10;/opt/homebrew/Cellar/ruby/4.0.0/lib/ruby/4.0.0/rubygems.rb:303:in &apos;Kernel#load&apos;&#10;/opt/homebrew/Cellar/ruby/4.0.0/lib/ruby/4.0.0/rubygems.rb:303:in &apos;Gem.activate_and_load_bin_path&apos;&#10;/opt/homebrew/opt/ruby/bin/bundle:25:in &apos;&lt;main&gt;&apos;&#10;&#10;Exit status of command &apos;/Users/rafaeldl/Library/Android/sdk/platform-tools/adb -s emulator-5554 shell setprop persist.sys.locale pt-BR&apos; was 1 instead of 0.&#10;Failed to set property &apos;persist.sys.locale&apos; to &apos;pt-BR&apos;.&#10;See dmesg for error reason.&#10;" />
        
      </testcase>
    
      
      <testcase classname="fastlane.lanes" name="4: /Users/rafaeldl/Library/Android/sdk/platform-tools/adb -s emulator-5554 shell stop" time="0.020953">
        
          <failure message="/opt/homebrew/lib/ruby/gems/4.0.0/gems/fastlane-2.230.0/fastlane/lib/fastlane/actions/actions_helper.rb:67:in &apos;Fastlane::Actions.execute_action&apos;&#10;/opt/homebrew/lib/ruby/gems/4.0.0/gems/fastlane-2.230.0/fastlane/lib/fastlane/fast_file.rb:224:in &apos;Fastlane::FastFile.sh&apos;&#10;/opt/homebrew/lib/ruby/gems/4.0.0/gems/fastlane-2.230.0/fastlane/lib/fastlane/fast_file.rb:216:in &apos;Fastlane::FastFile#sh&apos;&#10;Fastfile:320:in &apos;Fastlane::FastFile#boot_emulator&apos;&#10;Fastfile:354:in &apos;Fastlane::FastFile#capture_screenshots_for_device&apos;&#10;Fastfile:147:in &apos;block (2 levels) in Fastlane::FastFile#parsing_binding&apos;&#10;/opt/homebrew/lib/ruby/gems/4.0.0/gems/fastlane-2.230.0/fastlane/lib/fastlane/lane.rb:41:in &apos;Fastlane::Lane#call&apos;&#10;/opt/homebrew/lib/ruby/gems/4.0.0/gems/fastlane-2.230.0/fastlane/lib/fastlane/runner.rb:49:in &apos;block in Fastlane::Runner#execute&apos;&#10;/opt/homebrew/lib/ruby/gems/4.0.0/gems/fastlane-2.230.0/fastlane/lib/fastlane/runner.rb:45:in &apos;Dir.chdir&apos;&#10;/opt/homebrew/lib/ruby/gems/4.0.0/gems/fastlane-2.230.0/fastlane/lib/fastlane/runner.rb:45:in &apos;Fastlane::Runner#execute&apos;&#10;/opt/homebrew/lib/ruby/gems/4.0.0/gems/fastlane-2.230.0/fastlane/lib/fastlane/lane_manager.rb:46:in &apos;Fastlane::LaneManager.cruise_lane&apos;&#10;/opt/homebrew/lib/ruby/gems/4.0.0/gems/fastlane-2.230.0/fastlane/lib/fastlane/command_line_handler.rb:34:in &apos;Fastlane::CommandLineHandler.handle&apos;&#10;/opt/homebrew/lib/ruby/gems/4.0.0/gems/fastlane-2.230.0/fastlane/lib/fastlane/commands_generator.rb:110:in &apos;block (2 levels) in Fastlane::CommandsGenerator#run&apos;&#10;/opt/homebrew/lib/ruby/gems/4.0.0/gems/commander-4.6.0/lib/commander/command.rb:187:in &apos;Commander::Command#call&apos;&#10;/opt/homebrew/lib/ruby/gems/4.0.0/gems/commander-4.6.0/lib/commander/command.rb:157:in &apos;Commander::Command#run&apos;&#10;/opt/homebrew/lib/ruby/gems/4.0.0/gems/commander-4.6.0/lib/commander/runner.rb:444:in &apos;Commander::Runner#run_active_command&apos;&#10;/opt/homebrew/lib/ruby/gems/4.0.0/gems/fastlane-2.230.0/fastlane_core/lib/fastlane_core/ui/fastlane_runner.rb:124:in &apos;Commander::Runner#run!&apos;&#10;/opt/homebrew/lib/ruby/gems/4.0.0/gems/commander-4.6.0/lib/commander/delegates.rb:18:in &apos;Commander::Delegates#run!&apos;&#10;/opt/homebrew/lib/ruby/gems/4.0.0/gems/fastlane-2.230.0/fastlane/lib/fastlane/commands_generator.rb:363:in &apos;Fastlane::CommandsGenerator#run&apos;&#10;/opt/homebrew/lib/ruby/gems/4.0.0/gems/fastlane-2.230.0/fastlane/lib/fastlane/commands_generator.rb:43:in &apos;Fastlane::CommandsGenerator.start&apos;&#10;/opt/homebrew/lib/ruby/gems/4.0.0/gems/fastlane-2.230.0/fastlane/lib/fastlane/cli_tools_distributor.rb:123:in &apos;Fastlane::CLIToolsDistributor.take_off&apos;&#10;/opt/homebrew/lib/ruby/gems/4.0.0/gems/fastlane-2.230.0/bin/fastlane:23:in &apos;&lt;top (required)&gt;&apos;&#10;/opt/homebrew/Cellar/ruby/4.0.0/lib/ruby/4.0.0/rubygems.rb:303:in &apos;Kernel#load&apos;&#10;/opt/homebrew/Cellar/ruby/4.0.0/lib/ruby/4.0.0/rubygems.rb:303:in &apos;Gem.activate_and_load_bin_path&apos;&#10;/opt/homebrew/lib/ruby/gems/4.0.0/bin/fastlane:25:in &apos;&lt;top (required)&gt;&apos;&#10;/opt/homebrew/lib/ruby/gems/4.0.0/gems/bundler-2.7.2/lib/bundler/cli/exec.rb:59:in &apos;Kernel.load&apos;&#10;/opt/homebrew/lib/ruby/gems/4.0.0/gems/bundler-2.7.2/lib/bundler/cli/exec.rb:59:in &apos;Bundler::CLI::Exec#kernel_load&apos;&#10;/opt/homebrew/lib/ruby/gems/4.0.0/gems/bundler-2.7.2/lib/bundler/cli/exec.rb:23:in &apos;Bundler::CLI::Exec#run&apos;&#10;/opt/homebrew/lib/ruby/gems/4.0.0/gems/bundler-2.7.2/lib/bundler/cli.rb:456:in &apos;Bundler::CLI#exec&apos;&#10;/opt/homebrew/lib/ruby/gems/4.0.0/gems/bundler-2.7.2/lib/bundler/vendor/thor/lib/thor/command.rb:28:in &apos;Bundler::Thor::Command#run&apos;&#10;/opt/homebrew/lib/ruby/gems/4.0.0/gems/bundler-2.7.2/lib/bundler/vendor/thor/lib/thor/invocation.rb:127:in &apos;Bundler::Thor::Invocation#invoke_command&apos;&#10;/opt/homebrew/lib/ruby/gems/4.0.0/gems/bundler-2.7.2/lib/bundler/vendor/thor/lib/thor.rb:538:in &apos;Bundler::Thor.dispatch&apos;&#10;/opt/homebrew/lib/ruby/gems/4.0.0/gems/bundler-2.7.2/lib/bundler/cli.rb:35:in &apos;Bundler::CLI.dispatch&apos;&#10;/opt/homebrew/lib/ruby/gems/4.0.0/gems/bundler-2.7.2/lib/bundler/vendor/thor/lib/thor/base.rb:584:in &apos;Bundler::Thor::Base::ClassMethods#start&apos;&#10;/opt/homebrew/lib/ruby/gems/4.0.0/gems/bundler-2.7.2/lib/bundler/cli.rb:29:in &apos;Bundler::CLI.start&apos;&#10;/opt/homebrew/lib/ruby/gems/4.0.0/gems/bundler-2.7.2/exe/bundle:28:in &apos;block in &lt;top (required)&gt;&apos;&#10;/opt/homebrew/lib/ruby/gems/4.0.0/gems/bundler-2.7.2/lib/bundler/friendly_errors.rb:118:in &apos;Bundler.with_friendly_errors&apos;&#10;/opt/homebrew/lib/ruby/gems/4.0.0/gems/bundler-2.7.2/exe/bundle:20:in &apos;&lt;top (required)&gt;&apos;&#10;/opt/homebrew/Cellar/ruby/4.0.0/lib/ruby/4.0.0/rubygems.rb:303:in &apos;Kernel#load&apos;&#10;/opt/homebrew/Cellar/ruby/4.0.0/lib/ruby/4.0.0/rubygems.rb:303:in &apos;Gem.activate_and_load_bin_path&apos;&#10;/opt/homebrew/opt/ruby/bin/bundle:25:in &apos;&lt;main&gt;&apos;&#10;&#10;Exit status of command &apos;/Users/rafaeldl/Library/Android/sdk/platform-tools/adb -s emulator-5554 shell stop&apos; was 1 instead of 0.&#10;Must be root&#10;" />
        
      </testcase>
    
      
      <testcase classname="fastlane.lanes" name="5: /Users/rafaeldl/Library/Android/sdk/platform-tools/adb -s emulator-5554 shell start" time="0.039129">
        
          <failure message="/opt/homebrew/lib/ruby/gems/4.0.0/gems/fastlane-2.230.0/fastlane/lib/fastlane/actions/actions_helper.rb:67:in &apos;Fastlane::Actions.execute_action&apos;&#10;/opt/homebrew/lib/ruby/gems/4.0.0/gems/fastlane-2.230.0/fastlane/lib/fastlane/fast_file.rb:224:in &apos;Fastlane::FastFile.sh&apos;&#10;/opt/homebrew/lib/ruby/gems/4.0.0/gems/fastlane-2.230.0/fastlane/lib/fastlane/fast_file.rb:216:in &apos;Fastlane::FastFile#sh&apos;&#10;Fastfile:322:in &apos;Fastlane::FastFile#boot_emulator&apos;&#10;Fastfile:354:in &apos;Fastlane::FastFile#capture_screenshots_for_device&apos;&#10;Fastfile:147:in &apos;block (2 levels) in Fastlane::FastFile#parsing_binding&apos;&#10;/opt/homebrew/lib/ruby/gems/4.0.0/gems/fastlane-2.230.0/fastlane/lib/fastlane/lane.rb:41:in &apos;Fastlane::Lane#call&apos;&#10;/opt/homebrew/lib/ruby/gems/4.0.0/gems/fastlane-2.230.0/fastlane/lib/fastlane/runner.rb:49:in &apos;block in Fastlane::Runner#execute&apos;&#10;/opt/homebrew/lib/ruby/gems/4.0.0/gems/fastlane-2.230.0/fastlane/lib/fastlane/runner.rb:45:in &apos;Dir.chdir&apos;&#10;/opt/homebrew/lib/ruby/gems/4.0.0/gems/fastlane-2.230.0/fastlane/lib/fastlane/runner.rb:45:in &apos;Fastlane::Runner#execute&apos;&#10;/opt/homebrew/lib/ruby/gems/4.0.0/gems/fastlane-2.230.0/fastlane/lib/fastlane/lane_manager.rb:46:in &apos;Fastlane::LaneManager.cruise_lane&apos;&#10;/opt/homebrew/lib/ruby/gems/4.0.0/gems/fastlane-2.230.0/fastlane/lib/fastlane/command_line_handler.rb:34:in &apos;Fastlane::CommandLineHandler.handle&apos;&#10;/opt/homebrew/lib/ruby/gems/4.0.0/gems/fastlane-2.230.0/fastlane/lib/fastlane/commands_generator.rb:110:in &apos;block (2 levels) in Fastlane::CommandsGenerator#run&apos;&#10;/opt/homebrew/lib/ruby/gems/4.0.0/gems/commander-4.6.0/lib/commander/command.rb:187:in &apos;Commander::Command#call&apos;&#10;/opt/homebrew/lib/ruby/gems/4.0.0/gems/commander-4.6.0/lib/commander/command.rb:157:in &apos;Commander::Command#run&apos;&#10;/opt/homebrew/lib/ruby/gems/4.0.0/gems/commander-4.6.0/lib/commander/runner.rb:444:in &apos;Commander::Runner#run_active_command&apos;&#10;/opt/homebrew/lib/ruby/gems/4.0.0/gems/fastlane-2.230.0/fastlane_core/lib/fastlane_core/ui/fastlane_runner.rb:124:in &apos;Commander::Runner#run!&apos;&#10;/opt/homebrew/lib/ruby/gems/4.0.0/gems/commander-4.6.0/lib/commander/delegates.rb:18:in &apos;Commander::Delegates#run!&apos;&#10;/opt/homebrew/lib/ruby/gems/4.0.0/gems/fastlane-2.230.0/fastlane/lib/fastlane/commands_generator.rb:363:in &apos;Fastlane::CommandsGenerator#run&apos;&#10;/opt/homebrew/lib/ruby/gems/4.0.0/gems/fastlane-2.230.0/fastlane/lib/fastlane/commands_generator.rb:43:in &apos;Fastlane::CommandsGenerator.start&apos;&#10;/opt/homebrew/lib/ruby/gems/4.0.0/gems/fastlane-2.230.0/fastlane/lib/fastlane/cli_tools_distributor.rb:123:in &apos;Fastlane::CLIToolsDistributor.take_off&apos;&#10;/opt/homebrew/lib/ruby/gems/4.0.0/gems/fastlane-2.230.0/bin/fastlane:23:in &apos;&lt;top (required)&gt;&apos;&#10;/opt/homebrew/Cellar/ruby/4.0.0/lib/ruby/4.0.0/rubygems.rb:303:in &apos;Kernel#load&apos;&#10;/opt/homebrew/Cellar/ruby/4.0.0/lib/ruby/4.0.0/rubygems.rb:303:in &apos;Gem.activate_and_load_bin_path&apos;&#10;/opt/homebrew/lib/ruby/gems/4.0.0/bin/fastlane:25:in &apos;&lt;top (required)&gt;&apos;&#10;/opt/homebrew/lib/ruby/gems/4.0.0/gems/bundler-2.7.2/lib/bundler/cli/exec.rb:59:in &apos;Kernel.load&apos;&#10;/opt/homebrew/lib/ruby/gems/4.0.0/gems/bundler-2.7.2/lib/bundler/cli/exec.rb:59:in &apos;Bundler::CLI::Exec#kernel_load&apos;&#10;/opt/homebrew/lib/ruby/gems/4.0.0/gems/bundler-2.7.2/lib/bundler/cli/exec.rb:23:in &apos;Bundler::CLI::Exec#run&apos;&#10;/opt/homebrew/lib/ruby/gems/4.0.0/gems/bundler-2.7.2/lib/bundler/cli.rb:456:in &apos;Bundler::CLI#exec&apos;&#10;/opt/homebrew/lib/ruby/gems/4.0.0/gems/bundler-2.7.2/lib/bundler/vendor/thor/lib/thor/command.rb:28:in &apos;Bundler::Thor::Command#run&apos;&#10;/opt/homebrew/lib/ruby/gems/4.0.0/gems/bundler-2.7.2/lib/bundler/vendor/thor/lib/thor/invocation.rb:127:in &apos;Bundler::Thor::Invocation#invoke_command&apos;&#10;/opt/homebrew/lib/ruby/gems/4.0.0/gems/bundler-2.7.2/lib/bundler/vendor/thor/lib/thor.rb:538:in &apos;Bundler::Thor.dispatch&apos;&#10;/opt/homebrew/lib/ruby/gems/4.0.0/gems/bundler-2.7.2/lib/bundler/cli.rb:35:in &apos;Bundler::CLI.dispatch&apos;&#10;/opt/homebrew/lib/ruby/gems/4.0.0/gems/bundler-2.7.2/lib/bundler/vendor/thor/lib/thor/base.rb:584:in &apos;Bundler::Thor::Base::ClassMethods#start&apos;&#10;/opt/homebrew/lib/ruby/gems/4.0.0/gems/bundler-2.7.2/lib/bundler/cli.rb:29:in &apos;Bundler::CLI.start&apos;&#10;/opt/homebrew/lib/ruby/gems/4.0.0/gems/bundler-2.7.2/exe/bundle:28:in &apos;block in &lt;top (required)&gt;&apos;&#10;/opt/homebrew/lib/ruby/gems/4.0.0/gems/bundler-2.7.2/lib/bundler/friendly_errors.rb:118:in &apos;Bundler.with_friendly_errors&apos;&#10;/opt/homebrew/lib/ruby/gems/4.0.0/gems/bundler-2.7.2/exe/bundle:20:in &apos;&lt;top (required)&gt;&apos;&#10;/opt/homebrew/Cellar/ruby/4.0.0/lib/ruby/4.0.0/rubygems.rb:303:in &apos;Kernel#load&apos;&#10;/opt/homebrew/Cellar/ruby/4.0.0/lib/ruby/4.0.0/rubygems.rb:303:in &apos;Gem.activate_and_load_bin_path&apos;&#10;/opt/homebrew/opt/ruby/bin/bundle:25:in &apos;&lt;main&gt;&apos;&#10;&#10;Exit status of command &apos;/Users/rafaeldl/Library/Android/sdk/platform-tools/adb -s emulator-5554 shell start&apos; was 1 instead of 0.&#10;Must be root&#10;" />
        
      </testcase>
    
      
      <testcase classname="fastlane.lanes" name="6: fvm flutter drive --driver\=test_driver/integration_test.dart --target\=integration_test/screenshot_test.dart --dart-define\=TEST_LOCALE\=pt-BR -d emulator-5554" time="51.711322">
        
          <failure message="/opt/homebrew/lib/ruby/gems/4.0.0/gems/fastlane-2.230.0/fastlane/lib/fastlane/actions/actions_helper.rb:67:in &apos;Fastlane::Actions.execute_action&apos;&#10;/opt/homebrew/lib/ruby/gems/4.0.0/gems/fastlane-2.230.0/fastlane/lib/fastlane/fast_file.rb:224:in &apos;Fastlane::FastFile.sh&apos;&#10;/opt/homebrew/lib/ruby/gems/4.0.0/gems/fastlane-2.230.0/fastlane/lib/fastlane/fast_file.rb:216:in &apos;Fastlane::FastFile#sh&apos;&#10;Fastfile:390:in &apos;block in Fastlane::FastFile#capture_screenshots_for_device&apos;&#10;Fastfile:371:in &apos;Dir.chdir&apos;&#10;Fastfile:371:in &apos;Fastlane::FastFile#capture_screenshots_for_device&apos;&#10;Fastfile:147:in &apos;block (2 levels) in Fastlane::FastFile#parsing_binding&apos;&#10;/opt/homebrew/lib/ruby/gems/4.0.0/gems/fastlane-2.230.0/fastlane/lib/fastlane/lane.rb:41:in &apos;Fastlane::Lane#call&apos;&#10;/opt/homebrew/lib/ruby/gems/4.0.0/gems/fastlane-2.230.0/fastlane/lib/fastlane/runner.rb:49:in &apos;block in Fastlane::Runner#execute&apos;&#10;/opt/homebrew/lib/ruby/gems/4.0.0/gems/fastlane-2.230.0/fastlane/lib/fastlane/runner.rb:45:in &apos;Dir.chdir&apos;&#10;/opt/homebrew/lib/ruby/gems/4.0.0/gems/fastlane-2.230.0/fastlane/lib/fastlane/runner.rb:45:in &apos;Fastlane::Runner#execute&apos;&#10;/opt/homebrew/lib/ruby/gems/4.0.0/gems/fastlane-2.230.0/fastlane/lib/fastlane/lane_manager.rb:46:in &apos;Fastlane::LaneManager.cruise_lane&apos;&#10;/opt/homebrew/lib/ruby/gems/4.0.0/gems/fastlane-2.230.0/fastlane/lib/fastlane/command_line_handler.rb:34:in &apos;Fastlane::CommandLineHandler.handle&apos;&#10;/opt/homebrew/lib/ruby/gems/4.0.0/gems/fastlane-2.230.0/fastlane/lib/fastlane/commands_generator.rb:110:in &apos;block (2 levels) in Fastlane::CommandsGenerator#run&apos;&#10;/opt/homebrew/lib/ruby/gems/4.0.0/gems/commander-4.6.0/lib/commander/command.rb:187:in &apos;Commander::Command#call&apos;&#10;/opt/homebrew/lib/ruby/gems/4.0.0/gems/commander-4.6.0/lib/commander/command.rb:157:in &apos;Commander::Command#run&apos;&#10;/opt/homebrew/lib/ruby/gems/4.0.0/gems/commander-4.6.0/lib/commander/runner.rb:444:in &apos;Commander::Runner#run_active_command&apos;&#10;/opt/homebrew/lib/ruby/gems/4.0.0/gems/fastlane-2.230.0/fastlane_core/lib/fastlane_core/ui/fastlane_runner.rb:124:in &apos;Commander::Runner#run!&apos;&#10;/opt/homebrew/lib/ruby/gems/4.0.0/gems/commander-4.6.0/lib/commander/delegates.rb:18:in &apos;Commander::Delegates#run!&apos;&#10;/opt/homebrew/lib/ruby/gems/4.0.0/gems/fastlane-2.230.0/fastlane/lib/fastlane/commands_generator.rb:363:in &apos;Fastlane::CommandsGenerator#run&apos;&#10;/opt/homebrew/lib/ruby/gems/4.0.0/gems/fastlane-2.230.0/fastlane/lib/fastlane/commands_generator.rb:43:in &apos;Fastlane::CommandsGenerator.start&apos;&#10;/opt/homebrew/lib/ruby/gems/4.0.0/gems/fastlane-2.230.0/fastlane/lib/fastlane/cli_tools_distributor.rb:123:in &apos;Fastlane::CLIToolsDistributor.take_off&apos;&#10;/opt/homebrew/lib/ruby/gems/4.0.0/gems/fastlane-2.230.0/bin/fastlane:23:in &apos;&lt;top (required)&gt;&apos;&#10;/opt/homebrew/Cellar/ruby/4.0.0/lib/ruby/4.0.0/rubygems.rb:303:in &apos;Kernel#load&apos;&#10;/opt/homebrew/Cellar/ruby/4.0.0/lib/ruby/4.0.0/rubygems.rb:303:in &apos;Gem.activate_and_load_bin_path&apos;&#10;/opt/homebrew/lib/ruby/gems/4.0.0/bin/fastlane:25:in &apos;&lt;top (required)&gt;&apos;&#10;/opt/homebrew/lib/ruby/gems/4.0.0/gems/bundler-2.7.2/lib/bundler/cli/exec.rb:59:in &apos;Kernel.load&apos;&#10;/opt/homebrew/lib/ruby/gems/4.0.0/gems/bundler-2.7.2/lib/bundler/cli/exec.rb:59:in &apos;Bundler::CLI::Exec#kernel_load&apos;&#10;/opt/homebrew/lib/ruby/gems/4.0.0/gems/bundler-2.7.2/lib/bundler/cli/exec.rb:23:in &apos;Bundler::CLI::Exec#run&apos;&#10;/opt/homebrew/lib/ruby/gems/4.0.0/gems/bundler-2.7.2/lib/bundler/cli.rb:456:in &apos;Bundler::CLI#exec&apos;&#10;/opt/homebrew/lib/ruby/gems/4.0.0/gems/bundler-2.7.2/lib/bundler/vendor/thor/lib/thor/command.rb:28:in &apos;Bundler::Thor::Command#run&apos;&#10;/opt/homebrew/lib/ruby/gems/4.0.0/gems/bundler-2.7.2/lib/bundler/vendor/thor/lib/thor/invocation.rb:127:in &apos;Bundler::Thor::Invocation#invoke_command&apos;&#10;/opt/homebrew/lib/ruby/gems/4.0.0/gems/bundler-2.7.2/lib/bundler/vendor/thor/lib/thor.rb:538:in &apos;Bundler::Thor.dispatch&apos;&#10;/opt/homebrew/lib/ruby/gems/4.0.0/gems/bundler-2.7.2/lib/bundler/cli.rb:35:in &apos;Bundler::CLI.dispatch&apos;&#10;/opt/homebrew/lib/ruby/gems/4.0.0/gems/bundler-2.7.2/lib/bundler/vendor/thor/lib/thor/base.rb:584:in &apos;Bundler::Thor::Base::ClassMethods#start&apos;&#10;/opt/homebrew/lib/ruby/gems/4.0.0/gems/bundler-2.7.2/lib/bundler/cli.rb:29:in &apos;Bundler::CLI.start&apos;&#10;/opt/homebrew/lib/ruby/gems/4.0.0/gems/bundler-2.7.2/exe/bundle:28:in &apos;block in &lt;top (required)&gt;&apos;&#10;/opt/homebrew/lib/ruby/gems/4.0.0/gems/bundler-2.7.2/lib/bundler/friendly_errors.rb:118:in &apos;Bundler.with_friendly_errors&apos;&#10;/opt/homebrew/lib/ruby/gems/4.0.0/gems/bundler-2.7.2/exe/bundle:20:in &apos;&lt;top (required)&gt;&apos;&#10;/opt/homebrew/Cellar/ruby/4.0.0/lib/ruby/4.0.0/rubygems.rb:303:in &apos;Kernel#load&apos;&#10;/opt/homebrew/Cellar/ruby/4.0.0/lib/ruby/4.0.0/rubygems.rb:303:in &apos;Gem.activate_and_load_bin_path&apos;&#10;/opt/homebrew/opt/ruby/bin/bundle:25:in &apos;&lt;main&gt;&apos;&#10;&#10;Exit status of command &apos;fvm flutter drive --driver\=test_driver/integration_test.dart --target\=integration_test/screenshot_test.dart --dart-define\=TEST_LOCALE\=pt-BR -d emulator-5554&apos; was 1 instead of 0.&#10;Changing current working directory to: /Users/rafaeldl/Projetos/praticOSopen&#10;Resolving dependencies...&#10;Downloading packages...&#10;  _fe_analyzer_shared 91.0.0 (93.0.0 available)&#10;  _flutterfire_internals 1.3.59 (1.3.65 available)&#10;  analyzer 8.4.1 (10.0.0 available)&#10;  build 4.0.3 (4.0.4 available)&#10;  build_runner 2.10.4 (2.10.5 available)&#10;  built_value 8.12.1 (8.12.2 available)&#10;  characters 1.4.0 (1.4.1 available)&#10;  cloud_firestore 5.6.12 (6.1.1 available)&#10;  cloud_firestore_platform_interface 6.6.12 (7.0.5 available)&#10;  cloud_firestore_web 4.4.12 (5.1.1 available)&#10;  code_builder 4.11.0 (4.11.1 available)&#10;  equatable 2.0.7 (2.0.8 available)&#10;  ffi 2.1.4 (2.1.5 available)&#10;  file_picker 8.3.7 (10.3.8 available)&#10;  firebase_analytics 11.6.0 (12.1.0 available)&#10;  firebase_analytics_platform_interface 4.4.3 (5.0.5 available)&#10;  firebase_analytics_web 0.5.10+16 (0.6.1+1 available)&#10;  firebase_auth 5.7.0 (6.1.3 available)&#10;  firebase_auth_platform_interface 7.7.3 (8.1.5 available)&#10;  firebase_auth_web 5.15.3 (6.1.1 available)&#10;  firebase_core 3.15.2 (4.3.0 available)&#10;  firebase_core_web 2.24.1 (3.3.1 available)&#10;  firebase_crashlytics 4.3.10 (5.0.6 available)&#10;  firebase_crashlytics_platform_interface 3.8.10 (3.8.16 available)&#10;  firebase_storage 12.4.10 (13.0.5 available)&#10;  firebase_storage_platform_interface 5.2.10 (5.2.16 available)&#10;  firebase_storage_web 3.10.17 (3.11.1 available)&#10;  fl_chart 1.0.0 (1.1.1 available)&#10;  flutter_lints 5.0.0 (6.0.0 available)&#10;  google_sign_in 6.3.0 (7.2.0 available)&#10;  google_sign_in_android 6.2.1 (7.2.7 available)&#10;  google_sign_in_ios 5.9.0 (6.2.4 available)&#10;  google_sign_in_platform_interface 2.5.0 (3.1.0 available)&#10;  google_sign_in_web 0.12.4+4 (1.1.0 available)&#10;  image 4.5.4 (4.7.2 available)&#10;  json_serializable 6.11.2 (6.11.4 available)&#10;  lints 5.1.1 (6.0.0 available)&#10;  matcher 0.12.17 (0.12.18 available)&#10;  material_color_utilities 0.11.1 (0.13.0 available)&#10;  mobx 2.5.0 (2.6.0 available)&#10;  mobx_codegen 2.7.4 (2.7.6 available)&#10;  package_info_plus 8.3.1 (9.0.0 available)&#10;  share_plus 11.1.0 (12.0.1 available)&#10;  sign_in_with_apple 6.1.4 (7.0.1 available)&#10;  sign_in_with_apple_platform_interface 1.1.0 (2.0.0 available)&#10;  sign_in_with_apple_web 2.1.1 (3.0.0 available)&#10;  source_helper 1.3.8 (1.3.9 available)&#10;  test 1.26.3 (1.29.0 available)&#10;  test_api 0.7.7 (0.7.9 available)&#10;  test_core 0.6.12 (0.6.15 available)&#10;  watcher 1.2.0 (1.2.1 available)&#10;Got dependencies!&#10;51 packages have newer versions incompatible with dependency constraints.&#10;Try `flutter pub outdated` for more information.&#10;Running Gradle task &apos;assembleDebug&apos;...                           2.394ms&#10;âœ“ Built build/app/outputs/flutter-apk/app-debug.apk&#10;Installing build/app/outputs/flutter-apk/app-debug.apk...          664ms&#10;D/SessionLifecycleClient( 3744): Connected to SessionLifecycleService. Queue size 1&#10;D/SessionLifecycleClient( 3744): Sending lifecycle 1 to service&#10;D/SessionLifecycleService( 3744): Activity foregrounding at 30610.&#10;D/SessionLifecycleService( 3744): Cold start detected.&#10;D/WindowLayoutComponentImpl( 3744): Register WindowLayoutInfoListener on Context=br.com.rafsoft.praticos.MainActivity@81e12cb, of which baseContext=android.app.ContextImpl@94c3fa7&#10;D/SessionLifecycleService( 3744): Generated new session.&#10;D/SessionLifecycleService( 3744): Broadcasting new session&#10;D/SessionFirelogPublisher( 3744): Data Collection is enabled for at least one Subscriber&#10;D/EventGDTLogger( 3744): Session Event Type: SESSION_START&#10;D/SessionFirelogPublisher( 3744): Successfully logged Session Start event.&#10;D/SessionLifecycleClient( 3744): Session update received.&#10;D/SessionLifecycleClient( 3744): Notified CRASHLYTICS of new session b76fada7c5f54968b6c9ad15c9f0615c&#10;ðŸŒ Test locale: pt-BR&#10;ðŸ“¸ Screenshots will be saved to: android/fastlane/metadata/android/pt-BR/images/phoneScreenshots&#10;VMServiceFlutterDriver: Connecting to Flutter application at http://127.0.0.1:52415/hoNeVYAwAns=/&#10;VMServiceFlutterDriver: Isolate found with number: 902707245243731&#10;VMServiceFlutterDriver: Isolate 902707245243731 is runnable.&#10;VMServiceFlutterDriver: Isolate is paused at start.&#10;VMServiceFlutterDriver: Attempting to resume isolate&#10;I/flutter ( 3744): 00:00 +0: Screenshot Tests capture all 7 screenshots for App Store&#10;VMServiceFlutterDriver: Connected to Flutter application.&#10;I/flutter ( 3744): ========================================&#10;I/flutter ( 3744): ðŸ“± Starting screenshot tests&#10;I/flutter ( 3744): ðŸŒ Locale: pt-BR&#10;I/flutter ( 3744): ========================================&#10;I/flutter ( 3744): ðŸš€ Initializing app...&#10;D/InsetsController( 3744): hide(ime(), fromIme=false)&#10;I/ImeTracker( 3744): br.com.rafsoft.praticos:b1738cfb: onCancelled at PHASE_CLIENT_ALREADY_HIDDEN&#10;I/flutter ( 3744): â³ Waiting for app initialization...&#10;D/ProfileInstaller( 3744): Installing profile for br.com.rafsoft.praticos&#10;VMServiceFlutterDriver: request_data message is taking a long time to complete...&#10;I/flutter ( 3744): âœ… App initialized&#10;I/flutter ( 3744): ðŸ“¸ Capturing Screenshot 1: Login&#10;I/flutter ( 3744): ðŸ” Logging in with demo account for locale: pt-BR...&#10;I/flutter ( 3744): === LOGIN FLOW DEBUG ===&#10;I/flutter ( 3744): Using account: demo-pt@praticos.com.br&#10;I/flutter ( 3744): Step 1: Looking for email login link...&#10;I/flutter ( 3744):   Searching for text containing &quot;email&quot;: found 1&#10;I/flutter ( 3744):   âœ… Found email link with text: &quot;email&quot;&#10;I/flutter ( 3744): Step 2: Tapping email login link...&#10;I/afsoft.praticos( 3744): AssetManager2(0xb400007c5d04d018) locale list changing from [] to [pt-BR]&#10;I/flutter ( 3744):   âœ… Email login screen opened&#10;I/flutter ( 3744): Step 3: Looking for email field...&#10;I/flutter ( 3744):   Found 2 text fields&#10;I/flutter ( 3744):   Entering email: demo-pt@praticos.com.br&#10;I/ImeTracker( 3744): br.com.rafsoft.praticos:37ed068a: onRequestShow at ORIGIN_CLIENT reason SHOW_SOFT_INPUT fromUser false&#10;D/InsetsController( 3744): show(ime(), fromIme=false)&#10;D/InsetsController( 3744): Setting requestedVisibleTypes to -1 (was -9)&#10;I/ImeTracker( 3744): br.com.rafsoft.praticos:e36bf4ab: onRequestShow at ORIGIN_CLIENT reason SHOW_SOFT_INPUT fromUser false&#10;D/InsetsController( 3744): show(ime(), fromIme=false)&#10;I/ImeTracker( 3744): br.com.rafsoft.praticos:e36bf4ab: onCancelled at PHASE_CLIENT_REPORT_REQUESTED_VISIBLE_TYPES&#10;D/InputConnectionAdaptor( 3744): The input method toggled cursor monitoring on&#10;W/InteractionJankMonitor( 3744): Initializing without READ_DEVICE_CONFIG permission. enabled=false, interval=1, missedFrameThreshold=3, frameTimeThreshold=64, package=br.com.rafsoft.praticos&#10;I/ImeTracker( 3744): system-server:eb06111c: onShown&#10;I/flutter ( 3744):   âœ… Email entered&#10;I/flutter ( 3744): Step 4: Entering password...&#10;I/ImeTracker( 3744): br.com.rafsoft.praticos:aa587996: onRequestShow at ORIGIN_CLIENT reason SHOW_SOFT_INPUT fromUser false&#10;D/InsetsController( 3744): show(ime(), fromIme=false)&#10;I/ImeTracker( 3744): br.com.rafsoft.praticos:aa587996: onCancelled at PHASE_CLIENT_APPLY_ANIMATION&#10;I/ImeTracker( 3744): br.com.rafsoft.praticos:3bff00dd: onRequestShow at ORIGIN_CLIENT reason SHOW_SOFT_INPUT fromUser false&#10;D/InsetsController( 3744): show(ime(), fromIme=false)&#10;I/ImeTracker( 3744): br.com.rafsoft.praticos:3bff00dd: onCancelled at PHASE_CLIENT_APPLY_ANIMATION&#10;D/InputConnectionAdaptor( 3744): The input method toggled cursor monitoring on&#10;I/flutter ( 3744):   âœ… Password entered&#10;I/flutter ( 3744): Step 5: Dismissing keyboard...&#10;I/ImeTracker( 3744): br.com.rafsoft.praticos:b7fe334: onRequestHide at ORIGIN_CLIENT reason HIDE_SOFT_INPUT fromUser false&#10;D/InsetsController( 3744): hide(ime(), fromIme=false)&#10;W/WindowOnBackDispatcher( 3744): sendCancelIfRunning: isInProgress=false callback=android.view.ImeBackAnimationController@8e6da6a&#10;D/InsetsController( 3744): Setting requestedVisibleTypes to -9 (was -1)&#10;D/CompatChangeReporter( 3744): Compat change id reported: 395521150; UID 10214; state: ENABLED&#10;I/ImeTracker( 3744): system-server:9b790fc: onCancelled at PHASE_CLIENT_ON_CONTROLS_CHANGED&#10;I/flutter ( 3744):   âœ… Keyboard dismissed&#10;I/flutter ( 3744): Step 6: Scrolling down to reveal login button...&#10;I/flutter ( 3744):   âœ… Scrolled down&#10;I/flutter ( 3744): Step 7: Looking for login button...&#10;I/flutter ( 3744):   Found 4 CupertinoButtons total&#10;I/flutter ( 3744):   Button 0: child type=Icon, color=null&#10;I/flutter ( 3744):   Button 1: child type=Text, color=null&#10;I/flutter ( 3744):   âœ… Found login button at index 1 (non-icon child)&#10;I/flutter ( 3744): Step 8: Tapping login button...&#10;I/FirebaseAuth( 3744): Logging in as demo-pt@praticos.com.br with empty reCAPTCHA token&#10;W/System  ( 3744): Ignoring header X-Firebase-Locale because its value was null.&#10;W/LocalRequestInterceptor( 3744): Error getting App Check token; using placeholder token instead. Error: com.google.firebase.FirebaseException: No AppCheckProvider installed.&#10;W/System  ( 3744): Ignoring header X-Firebase-Locale because its value was null.&#10;W/LocalRequestInterceptor( 3744): Error getting App Check token; using placeholder token instead. Error: com.google.firebase.FirebaseException: No AppCheckProvider installed.&#10;D/FirebaseAuth( 3744): Notifying id token listeners about user ( 8t5mFeXFVQhuzyfCO6nSCrBdbvf2 ).&#10;D/FirebaseAuth( 3744): Notifying auth state listeners about user ( 8t5mFeXFVQhuzyfCO6nSCrBdbvf2 ).&#10;I/flutter ( 3744): signInWithEmailPassword succeeded: User(displayName: null, email: demo-pt@praticos.com.br, isEmailVerified: false, isAnonymous: false, metadata: UserMetadata(creationTime: 2026-01-13 20:42:48.356Z, lastSignInTime: 2026-01-14 01:51:32.893Z), phoneNumber: null, photoURL: null, providerData, [UserInfo(displayName: null, email: demo-pt@praticos.com.br, phoneNumber: null, photoURL: null, providerId: password, uid: demo-pt@praticos.com.br)], refreshToken: null, tenantId: null, uid: 8t5mFeXFVQhuzyfCO6nSCrBdbvf2)&#10;W/DynamiteModule( 3744): Local module descriptor class for com.google.android.gms.providerinstaller.dynamite not found.&#10;I/DynamiteModule( 3744): Considering local module com.google.android.gms.providerinstaller.dynamite:0 and remote module com.google.android.gms.providerinstaller.dynamite:0&#10;W/ProviderInstaller( 3744): Failed to load providerinstaller module: No acceptable module com.google.android.gms.providerinstaller.dynamite found. Local version is 0 and remote version is 0.&#10;D/ApplicationLoaders( 3744): Returning zygote-cached class loader: /system/framework/org.apache.http.legacy.jar&#10;D/ApplicationLoaders( 3744): Returning zygote-cached class loader: /system/framework/com.android.media.remotedisplay.jar&#10;D/ApplicationLoaders( 3744): Returning zygote-cached class loader: /system/framework/com.android.location.provider.jar&#10;D/ApplicationLoaders( 3744): Returning zygote-cached class loader: /system-ext/framework/androidx.window.extensions.jar&#10;D/ApplicationLoaders( 3744): Returning zygote-cached class loader: /system-ext/framework/androidx.window.sidecar.jar&#10;W/afsoft.praticos( 3744): Loading /data/app/~~agqGNg4MVcGEPr2DILIPXw==/com.google.android.gms-He3Xw1fwZDQswGMgu8OUJw==/oat/arm64/base.odex non-executable as it requires an image which we failed to load&#10;W/WindowOnBackDispatcher( 3744): sendCancelIfRunning: isInProgress=false callback=io.flutter.embedding.android.FlutterActivity$1@8e19c86&#10;D/nativeloader( 3744): Configuring clns-11 for other apk /data/app/~~agqGNg4MVcGEPr2DILIPXw==/com.google.android.gms-He3Xw1fwZDQswGMgu8OUJw==/base.apk. target_sdk_version=36, uses_libraries=, library_path=/data/app/~~agqGNg4MVcGEPr2DILIPXw==/com.google.android.gms-He3Xw1fwZDQswGMgu8OUJw==/lib/arm64:/data/app/~~agqGNg4MVcGEPr2DILIPXw==/com.google.android.gms-He3Xw1fwZDQswGMgu8OUJw==/base.apk!/lib/arm64-v8a, permitted_path=/data:/mnt/expand:/data/user/0/com.google.android.gms&#10;E/GoogleApiManager( 3744): Failed to get service from broker. &#10;E/GoogleApiManager( 3744): java.lang.SecurityException: Unknown calling package name &apos;com.google.android.gms&apos;.&#10;E/GoogleApiManager( 3744): 	at android.os.Parcel.createExceptionOrNull(Parcel.java:3340)&#10;E/GoogleApiManager( 3744): 	at android.os.Parcel.createException(Parcel.java:3324)&#10;E/GoogleApiManager( 3744): 	at android.os.Parcel.readException(Parcel.java:3307)&#10;E/GoogleApiManager( 3744): 	at android.os.Parcel.readException(Parcel.java:3249)&#10;E/GoogleApiManager( 3744): 	at bddz.a(:com.google.android.gms@254932035@25.49.32 (260400-843446962):36)&#10;E/GoogleApiManager( 3744): 	at bdca.z(:com.google.android.gms@254932035@25.49.32 (260400-843446962):143)&#10;E/GoogleApiManager( 3744): 	at bcid.run(:com.google.android.gms@254932035@25.49.32 (260400-843446962):42)&#10;E/GoogleApiManager( 3744): 	at android.os.Handler.handleCallback(Handler.java:995)&#10;E/GoogleApiManager( 3744): 	at android.os.Handler.dispatchMessage(Handler.java:103)&#10;E/GoogleApiManager( 3744): 	at cqne.mv(:com.google.android.gms@254932035@25.49.32 (260400-843446962):1)&#10;E/GoogleApiManager( 3744): 	at cqne.dispatchMessage(:com.google.android.gms@254932035@25.49.32 (260400-843446962):5)&#10;E/GoogleApiManager( 3744): 	at android.os.Looper.loopOnce(Looper.java:248)&#10;E/GoogleApiManager( 3744): 	at android.os.Looper.loop(Looper.java:338)&#10;E/GoogleApiManager( 3744): 	at android.os.HandlerThread.run(HandlerThread.java:85)&#10;W/GoogleApiManager( 3744): Not showing notification since connectionResult is not user-facing: ConnectionResult{statusCode=DEVELOPER_ERROR, resolution=null, message=null, clientMethodKey=null}&#10;W/FlagRegistrar( 3744): Failed to register com.google.android.gms.providerinstaller#br.com.rafsoft.praticos&#10;W/FlagRegistrar( 3744): fvxl: 17: 17: API: Phenotype.API is not available on this device. Connection failed with: ConnectionResult{statusCode=DEVELOPER_ERROR, resolution=null, message=null, clientMethodKey=null}&#10;W/FlagRegistrar( 3744): 	at fvxn.a(:com.google.android.gms@254932035@25.49.32 (260400-843446962):13)&#10;W/FlagRegistrar( 3744): 	at gtqr.d(:com.google.android.gms@254932035@25.49.32 (260400-843446962):3)&#10;W/FlagRegistrar( 3744): 	at gtqt.run(:com.google.android.gms@254932035@25.49.32 (260400-843446962):130)&#10;W/FlagRegistrar( 3744): 	at gtta.execute(:com.google.android.gms@254932035@25.49.32 (260400-843446962):1)&#10;W/FlagRegistrar( 3744): 	at gtrb.f(:com.google.android.gms@254932035@25.49.32 (260400-843446962):1)&#10;W/FlagRegistrar( 3744): 	at gtrb.m(:com.google.android.gms@254932035@25.49.32 (260400-843446962):99)&#10;W/FlagRegistrar( 3744): 	at gtrb.r(:com.google.android.gms@254932035@25.49.32 (260400-843446962):17)&#10;W/FlagRegistrar( 3744): 	at fopg.hz(:com.google.android.gms@254932035@25.49.32 (260400-843446962):35)&#10;W/FlagRegistrar( 3744): 	at fcbp.run(:com.google.android.gms@254932035@25.49.32 (260400-843446962):12)&#10;W/FlagRegistrar( 3744): 	at gtta.execute(:com.google.android.gms@254932035@25.49.32 (260400-843446962):1)&#10;W/FlagRegistrar( 3744): 	at fcbq.b(:com.google.android.gms@254932035@25.49.32 (260400-843446962):18)&#10;W/FlagRegistrar( 3744): 	at fccf.b(:com.google.android.gms@254932035@25.49.32 (260400-843446962):34)&#10;W/FlagRegistrar( 3744): 	at fcch.d(:com.google.android.gms@254932035@25.49.32 (260400-843446962):25)&#10;W/FlagRegistrar( 3744): 	at bcfm.c(:com.google.android.gms@254932035@25.49.32 (260400-843446962):9)&#10;W/FlagRegistrar( 3744): 	at bcib.q(:com.google.android.gms@254932035@25.49.32 (260400-843446962):48)&#10;W/FlagRegistrar( 3744): 	at bcib.d(:com.google.android.gms@254932035@25.49.32 (260400-843446962):10)&#10;W/FlagRegistrar( 3744): 	at bcib.g(:com.google.android.gms@254932035@25.49.32 (260400-843446962):191)&#10;W/FlagRegistrar( 3744): 	at bcib.onConnectionFailed(:com.google.android.gms@254932035@25.49.32 (260400-843446962):2)&#10;W/FlagRegistrar( 3744): 	at bcid.run(:com.google.android.gms@254932035@25.49.32 (260400-843446962):70)&#10;W/FlagRegistrar( 3744): 	at android.os.Handler.handleCallback(Handler.java:995)&#10;W/FlagRegistrar( 3744): 	at android.os.Handler.dispatchMessage(Handler.java:103)&#10;W/FlagRegistrar( 3744): 	at cqne.mv(:com.google.android.gms@254932035@25.49.32 (260400-843446962):1)&#10;W/FlagRegistrar( 3744): 	at cqne.dispatchMessage(:com.google.android.gms@254932035@25.49.32 (260400-843446962):5)&#10;W/FlagRegistrar( 3744): 	at android.os.Looper.loopOnce(Looper.java:248)&#10;W/FlagRegistrar( 3744): 	at android.os.Looper.loop(Looper.java:338)&#10;W/FlagRegistrar( 3744): 	at android.os.HandlerThread.run(HandlerThread.java:85)&#10;W/FlagRegistrar( 3744): Caused by: bcdt: 17: API: Phenotype.API is not available on this device. Connection failed with: ConnectionResult{statusCode=DEVELOPER_ERROR, resolution=null, message=null, clientMethodKey=null}&#10;W/FlagRegistrar( 3744): 	at bdbm.a(:com.google.android.gms@254932035@25.49.32 (260400-843446962):15)&#10;W/FlagRegistrar( 3744): 	at bcfp.a(:com.google.android.gms@254932035@25.49.32 (260400-843446962):1)&#10;W/FlagRegistrar( 3744): 	at bcfm.c(:com.google.android.gms@254932035@25.49.32 (260400-843446962):5)&#10;W/FlagRegistrar( 3744): 	... 12 more&#10;I/fvwz    ( 3744): Unable to retrieve flag snapshot for com.google.android.gms.providerinstaller#br.com.rafsoft.praticos, using defaults.&#10;D/nativeloader( 3744): Load /data/app/~~agqGNg4MVcGEPr2DILIPXw==/com.google.android.gms-He3Xw1fwZDQswGMgu8OUJw==/base.apk!/lib/arm64-v8a/libconscrypt_gmscore_jni.so using class loader ns clns-11 (caller=/data/app/~~agqGNg4MVcGEPr2DILIPXw==/com.google.android.gms-He3Xw1fwZDQswGMgu8OUJw==/base.apk): ok&#10;V/NativeCrypto( 3744): Registering com/google/android/gms/org/conscrypt/NativeCrypto&apos;s 329 native methods...&#10;I/afsoft.praticos( 3744): hiddenapi: Accessing hidden method Ljava/security/spec/ECParameterSpec;-&gt;getCurveName()Ljava/lang/String; (runtime_flags=0, domain=core-platform, api=unsupported) from Lcom/google/android/gms/org/conscrypt/Platform; (domain=app) using reflection: allowed&#10;I/ProviderInstaller( 3744): Installed default security provider GmsCore_OpenSSL&#10;I/afsoft.praticos( 3744): hiddenapi: Accessing hidden field Ljava/net/Socket;-&gt;impl:Ljava/net/SocketImpl; (runtime_flags=0, domain=core-platform, api=unsupported) from Lcom/google/android/gms/org/conscrypt/Platform; (domain=app) using reflection: allowed&#10;I/afsoft.praticos( 3744): hiddenapi: Accessing hidden method Ljava/security/spec/ECParameterSpec;-&gt;setCurveName(Ljava/lang/String;)V (runtime_flags=0, domain=core-platform, api=unsupported) from Lcom/google/android/gms/org/conscrypt/Platform; (domain=app) using reflection: allowed&#10;I/afsoft.praticos( 3744): AssetManager2(0xb400007c5d05a498) locale list changing from [] to [pt-BR]&#10;I/flutter ( 3744):   âœ… Login button tapped&#10;I/flutter ( 3744): Step 9: Waiting for login to complete...&#10;E/GoogleApiManager( 3744): Failed to get service from broker. &#10;E/GoogleApiManager( 3744): java.lang.SecurityException: Unknown calling package name &apos;com.google.android.gms&apos;.&#10;E/GoogleApiManager( 3744): 	at android.os.Parcel.createExceptionOrNull(Parcel.java:3340)&#10;E/GoogleApiManager( 3744): 	at android.os.Parcel.createException(Parcel.java:3324)&#10;E/GoogleApiManager( 3744): 	at android.os.Parcel.readException(Parcel.java:3307)&#10;E/GoogleApiManager( 3744): 	at android.os.Parcel.readException(Parcel.java:3249)&#10;E/GoogleApiManager( 3744): 	at bddz.a(:com.google.android.gms@254932035@25.49.32 (260400-843446962):36)&#10;E/GoogleApiManager( 3744): 	at bdca.z(:com.google.android.gms@254932035@25.49.32 (260400-843446962):143)&#10;E/GoogleApiManager( 3744): 	at bcid.run(:com.google.android.gms@254932035@25.49.32 (260400-843446962):42)&#10;E/GoogleApiManager( 3744): 	at android.os.Handler.handleCallback(Handler.java:995)&#10;E/GoogleApiManager( 3744): 	at android.os.Handler.dispatchMessage(Handler.java:103)&#10;E/GoogleApiManager( 3744): 	at cqne.mv(:com.google.android.gms@254932035@25.49.32 (260400-843446962):1)&#10;E/GoogleApiManager( 3744): 	at cqne.dispatchMessage(:com.google.android.gms@254932035@25.49.32 (260400-843446962):5)&#10;E/GoogleApiManager( 3744): 	at android.os.Looper.loopOnce(Looper.java:248)&#10;E/GoogleApiManager( 3744): 	at android.os.Looper.loop(Looper.java:338)&#10;E/GoogleApiManager( 3744): 	at android.os.HandlerThread.run(HandlerThread.java:85)&#10;W/GoogleApiManager( 3744): Not showing notification since connectionResult is not user-facing: ConnectionResult{statusCode=DEVELOPER_ERROR, resolution=null, message=null, clientMethodKey=null}&#10;I/flutter ( 3744):   Initial wait complete&#10;I/flutter ( 3744):   Loading indicators: 0&#10;I/flutter ( 3744):   âœ… Login complete&#10;I/flutter ( 3744): =========================&#10;I/flutter ( 3744): --- Screenshot 2: Home ---&#10;I/flutter ( 3744): Waiting for home screen to load...&#10;I/flutter ( 3744): Home screen loaded&#10;I/flutter ( 3744): === WIDGET TREE DEBUG ===&#10;I/flutter ( 3744): Total widgets: 1199&#10;I/flutter ( 3744): InkWell widgets: 0&#10;I/flutter ( 3744): CupertinoTabBar widgets: 1&#10;I/flutter ( 3744): Button widgets: 6&#10;I/flutter ( 3744): Icon widgets: 21&#10;I/flutter ( 3744): =========================&#10;I/flutter ( 3744): ðŸ“¸ Capturing Screenshot 2: Home&#10;I/flutter ( 3744): --- Screenshot 3: Dashboard ---&#10;I/flutter ( 3744): Looking for dashboard button...&#10;I/flutter ( 3744): Chart icons found: 1&#10;I/flutter ( 3744): Dashboard button via icon: 1&#10;I/flutter ( 3744): Tapping dashboard button...&#10;I/afsoft.praticos( 3744): Waiting for a blocking GC ProfileSaver&#10;I/afsoft.praticos( 3744): Background concurrent mark compact GC freed 3525KB AllocSpace bytes, 20(1684KB) LOS objects, 49% free, 6330KB/12MB, paused 537us,5.544ms total 86.737ms&#10;I/afsoft.praticos( 3744): WaitForGcToComplete blocked ProfileSaver on Background for 41.682ms&#10;Unhandled exception:&#10;DriverError: Failed to fulfill RequestData due to remote error&#10;Original error: ext.flutter.driver: (112) Service has disappeared&#10;Original stack trace:&#10;#0      new _OutstandingRequest (package:vm_service/src/vm_service.dart:268:34)&#10;#1      VmService._call.&lt;anonymous closure&gt; (package:vm_service/src/vm_service.dart:1950:25)&#10;#2      VmService._call (package:vm_service/src/vm_service.dart:1962:8)&#10;#3      VmService.callServiceExtension (package:vm_service/src/vm_service.dart:1901:14)&#10;#4      VMServiceFlutterDriver.sendCommand (package:flutter_driver/src/driver/vmservice_driver.dart:327:12)&#10;#5      FlutterDriver.requestData (package:flutter_driver/src/driver/driver.dart:573:13)&#10;#6      integrationDriver (package:integration_test/integration_test_driver_extended.dart:87:38)&#10;&lt;asynchronous suspension&gt;&#10;#7      main (file:///Users/rafaeldl/Projetos/praticOSopen/test_driver/integration_test.dart:46:3)&#10;&lt;asynchronous suspension&gt;&#10;&#10;&#10;#0      VMServiceFlutterDriver.sendCommand (package:flutter_driver/src/driver/vmservice_driver.dart:340:7)&#10;&lt;asynchronous suspension&gt;&#10;#1      FlutterDriver.requestData (package:flutter_driver/src/driver/driver.dart:573:7)&#10;&lt;asynchronous suspension&gt;&#10;#2      integrationDriver (package:integration_test/integration_test_driver_extended.dart:87:25)&#10;&lt;asynchronous suspension&gt;&#10;#3      main (file:///Users/rafaeldl/Projetos/praticOSopen/test_driver/integration_test.dart:46:3)&#10;&lt;asynchronous suspension&gt;&#10;adb: device offline&#10;Failed to stop app&#10;adb uninstall failed: ProcessException: Process exited abnormally with exit code 1:&#10;adb: device offline&#10;  Command: /Users/rafaeldl/Library/Android/sdk/platform-tools/adb -s emulator-5554 uninstall br.com.rafsoft.praticos&#10;Failed to uninstall app&#10;" />
        
      </testcase>
    
  </testsuite>
</testsuites>
